Start testing: Aug 29 05:00 CST
----------------------------------------------------------
218/652 Testing: Sine source through RC — first-order low-pass response
218/652 Test: Sine source through RC — first-order low-pass response
Command: "/Users/lgili/pulsim_phase2/build-tests/core/pulsim_core_layer2_tests" "Sine source through RC — first-order low-pass response"
Directory: /Users/lgili/pulsim_phase2/build-tests/core
"Sine source through RC — first-order low-pass response" start time: Aug 29 05:00 CST
Output:
----------------------------------------------------------
Filters: "Sine source through RC — first-order low-pass response"
Randomness seeded to: 3156237144
===============================================================================
All tests passed (2 assertions in 1 test case)

<end of output>
Test time =   0.05 sec
----------------------------------------------------------
Test Passed.
"Sine source through RC — first-order low-pass response" end time: Aug 29 05:00 CST
"Sine source through RC — first-order low-pass response" time elapsed: 00:00:00
----------------------------------------------------------

491/652 Testing: substep event correction path is allocation-free per event
491/652 Test: substep event correction path is allocation-free per event
Command: "/Users/lgili/pulsim_phase2/build-tests/core/pulsim_core_perf_tests" "substep event correction path is allocation-free per event"
Directory: /Users/lgili/pulsim_phase2/build-tests/core
"substep event correction path is allocation-free per event" start time: Aug 29 05:00 CST
Output:
----------------------------------------------------------
Filters: "substep event correction path is allocation-free per event"
Randomness seeded to: 3012740612
===============================================================================
All tests passed (4 assertions in 1 test case)

<end of output>
Test time =   0.02 sec
----------------------------------------------------------
Test Passed.
"substep event correction path is allocation-free per event" end time: Aug 29 05:00 CST
"substep event correction path is allocation-free per event" time elapsed: 00:00:00
----------------------------------------------------------

299/652 Testing: make_phase_shift_full_bridge_fn — series-L load at φ=π/2 transfers power
299/652 Test: make_phase_shift_full_bridge_fn — series-L load at φ=π/2 transfers power
Command: "/Users/lgili/pulsim_phase2/build-tests/core/pulsim_core_sources_tests" "make_phase_shift_full_bridge_fn — series-L load at φ=π/2 transfers power"
Directory: /Users/lgili/pulsim_phase2/build-tests/core
"make_phase_shift_full_bridge_fn — series-L load at φ=π/2 transfers power" start time: Aug 29 05:00 CST
Output:
----------------------------------------------------------
Filters: "make_phase_shift_full_bridge_fn — series-L load at φ=π/2 transfers power"
Randomness seeded to: 2553588734
===============================================================================
All tests passed (7 assertions in 1 test case)

<end of output>
Test time =   0.09 sec
----------------------------------------------------------
Test Passed.
"make_phase_shift_full_bridge_fn — series-L load at φ=π/2 transfers power" end time: Aug 29 05:00 CST
"make_phase_shift_full_bridge_fn — series-L load at φ=π/2 transfers power" time elapsed: 00:00:00
----------------------------------------------------------

55/652 Testing: PEDSimulatorAuto matches DOPRI5 ground truth within envelope
55/652 Test: PEDSimulatorAuto matches DOPRI5 ground truth within envelope
Command: "/Users/lgili/pulsim_phase2/build-tests/core/pulsim_core_dsed_tests" "PEDSimulatorAuto matches DOPRI5 ground truth within envelope"
Directory: /Users/lgili/pulsim_phase2/build-tests/core
"PEDSimulatorAuto matches DOPRI5 ground truth within envelope" start time: Aug 29 05:00 CST
Output:
----------------------------------------------------------
Filters: "PEDSimulatorAuto matches DOPRI5 ground truth within envelope"
Randomness seeded to: 3430102293
===============================================================================
All tests passed (2 assertions in 1 test case)

<end of output>
Test time =   0.04 sec
----------------------------------------------------------
Test Passed.
"PEDSimulatorAuto matches DOPRI5 ground truth within envelope" end time: Aug 29 05:00 CST
"PEDSimulatorAuto matches DOPRI5 ground truth within envelope" time elapsed: 00:00:00
----------------------------------------------------------

590/652 Testing: SMPS showcase: open-loop flyback via YAML + make_pwm_switch_fn
590/652 Test: SMPS showcase: open-loop flyback via YAML + make_pwm_switch_fn
Command: "/Users/lgili/pulsim_phase2/build-tests/core/pulsim_core_showcase_tests" "SMPS showcase: open-loop flyback via YAML + make_pwm_switch_fn"
Directory: /Users/lgili/pulsim_phase2/build-tests/core
"SMPS showcase: open-loop flyback via YAML + make_pwm_switch_fn" start time: Aug 29 05:00 CST
Output:
----------------------------------------------------------
Filters: "SMPS showcase: open-loop flyback via YAML + make_pwm_switch_fn"
Randomness seeded to: 3965187467
===============================================================================
All tests passed (8 assertions in 1 test case)

<end of output>
Test time =   0.13 sec
----------------------------------------------------------
Test Passed.
"SMPS showcase: open-loop flyback via YAML + make_pwm_switch_fn" end time: Aug 29 05:00 CST
"SMPS showcase: open-loop flyback via YAML + make_pwm_switch_fn" time elapsed: 00:00:00
----------------------------------------------------------

251/652 Testing: SaturableInductor — transient: current settles at resistive limit
251/652 Test: SaturableInductor — transient: current settles at resistive limit
Command: "/Users/lgili/pulsim_phase2/build-tests/core/pulsim_core_layer2_tests" "SaturableInductor — transient: current settles at resistive limit"
Directory: /Users/lgili/pulsim_phase2/build-tests/core
"SaturableInductor — transient: current settles at resistive limit" start time: Aug 29 05:00 CST
Output:
----------------------------------------------------------
Filters: "SaturableInductor — transient: current settles at resistive limit"
Randomness seeded to: 3940519952
===============================================================================
All tests passed (3 assertions in 1 test case)

<end of output>
Test time =   0.05 sec
----------------------------------------------------------
Test Passed.
"SaturableInductor — transient: current settles at resistive limit" end time: Aug 29 05:00 CST
"SaturableInductor — transient: current settles at resistive limit" time elapsed: 00:00:00
----------------------------------------------------------

592/652 Testing: SMPS showcase: ZVS phase-shift full-bridge via YAML + V9
592/652 Test: SMPS showcase: ZVS phase-shift full-bridge via YAML + V9
Command: "/Users/lgili/pulsim_phase2/build-tests/core/pulsim_core_showcase_tests" "SMPS showcase: ZVS phase-shift full-bridge via YAML + V9"
Directory: /Users/lgili/pulsim_phase2/build-tests/core
"SMPS showcase: ZVS phase-shift full-bridge via YAML + V9" start time: Aug 29 05:00 CST
Output:
----------------------------------------------------------
Filters: "SMPS showcase: ZVS phase-shift full-bridge via YAML + V9"
Randomness seeded to: 40163693
===============================================================================
All tests passed (11 assertions in 1 test case)

<end of output>
Test time =   0.15 sec
----------------------------------------------------------
Test Passed.
"SMPS showcase: ZVS phase-shift full-bridge via YAML + V9" end time: Aug 29 05:00 CST
"SMPS showcase: ZVS phase-shift full-bridge via YAML + V9" time elapsed: 00:00:00
----------------------------------------------------------

400/652 Testing: A run that needs no retry pays nothing and records none
400/652 Test: A run that needs no retry pays nothing and records none
Command: "/Users/lgili/pulsim_phase2/build-tests/core/pulsim_core_layer5_tests" "A run that needs no retry pays nothing and records none"
Directory: /Users/lgili/pulsim_phase2/build-tests/core
"A run that needs no retry pays nothing and records none" start time: Aug 29 05:00 CST
Output:
----------------------------------------------------------
Filters: "A run that needs no retry pays nothing and records none"
Randomness seeded to: 3470814945
===============================================================================
All tests passed (5105 assertions in 1 test case)

<end of output>
Test time =   0.04 sec
----------------------------------------------------------
Test Passed.
"A run that needs no retry pays nothing and records none" end time: Aug 29 05:00 CST
"A run that needs no retry pays nothing and records none" time elapsed: 00:00:00
----------------------------------------------------------

591/652 Testing: SMPS showcase: 3-phase VSI via YAML + make_three_phase_spwm_fn
591/652 Test: SMPS showcase: 3-phase VSI via YAML + make_three_phase_spwm_fn
Command: "/Users/lgili/pulsim_phase2/build-tests/core/pulsim_core_showcase_tests" "SMPS showcase: 3-phase VSI via YAML + make_three_phase_spwm_fn"
Directory: /Users/lgili/pulsim_phase2/build-tests/core
"SMPS showcase: 3-phase VSI via YAML + make_three_phase_spwm_fn" start time: Aug 29 05:00 CST
Output:
----------------------------------------------------------
Filters: "SMPS showcase: 3-phase VSI via YAML + make_three_phase_spwm_fn"
Randomness seeded to: 2855331176
===============================================================================
All tests passed (14 assertions in 1 test case)

<end of output>
Test time =   0.16 sec
----------------------------------------------------------
Test Passed.
"SMPS showcase: 3-phase VSI via YAML + make_three_phase_spwm_fn" end time: Aug 29 05:00 CST
"SMPS showcase: 3-phase VSI via YAML + make_three_phase_spwm_fn" time elapsed: 00:00:00
----------------------------------------------------------

487/652 Testing: steady-state cache.solve performs ZERO heap allocations
487/652 Test: steady-state cache.solve performs ZERO heap allocations
Command: "/Users/lgili/pulsim_phase2/build-tests/core/pulsim_core_perf_tests" "steady-state cache.solve performs ZERO heap allocations"
Directory: /Users/lgili/pulsim_phase2/build-tests/core
"steady-state cache.solve performs ZERO heap allocations" start time: Aug 29 05:00 CST
Output:
----------------------------------------------------------
Filters: "steady-state cache.solve performs ZERO heap allocations"
Randomness seeded to: 3872399020
===============================================================================
All tests passed (2 assertions in 1 test case)

<end of output>
Test time =   0.01 sec
----------------------------------------------------------
Test Passed.
"steady-state cache.solve performs ZERO heap allocations" end time: Aug 29 05:00 CST
"steady-state cache.solve performs ZERO heap allocations" time elapsed: 00:00:00
----------------------------------------------------------

489/652 Testing: run_transient hot loop: zero std-container allocations
489/652 Test: run_transient hot loop: zero std-container allocations
Command: "/Users/lgili/pulsim_phase2/build-tests/core/pulsim_core_perf_tests" "run_transient hot loop: zero std-container allocations"
Directory: /Users/lgili/pulsim_phase2/build-tests/core
"run_transient hot loop: zero std-container allocations" start time: Aug 29 05:00 CST
Output:
----------------------------------------------------------
Filters: "run_transient hot loop: zero std-container allocations"
Randomness seeded to: 1540847406
===============================================================================
All tests passed (5 assertions in 1 test case)

<end of output>
Test time =   0.01 sec
----------------------------------------------------------
Test Passed.
"run_transient hot loop: zero std-container allocations" end time: Aug 29 05:00 CST
"run_transient hot loop: zero std-container allocations" time elapsed: 00:00:00
----------------------------------------------------------

533/652 Testing: Boost converter: V_out = V_in/(1-D) with event iteration
533/652 Test: Boost converter: V_out = V_in/(1-D) with event iteration
Command: "/Users/lgili/pulsim_phase2/build-tests/core/pulsim_core_layer5_v2_tests" "Boost converter: V_out = V_in/(1-D) with event iteration"
Directory: /Users/lgili/pulsim_phase2/build-tests/core
"Boost converter: V_out = V_in/(1-D) with event iteration" start time: Aug 29 05:00 CST
Output:
----------------------------------------------------------
Filters: "Boost converter: V_out = V_in/(1-D) with event iteration"
Randomness seeded to: 628173099
===============================================================================
All tests passed (6 assertions in 1 test case)

<end of output>
Test time =   0.04 sec
----------------------------------------------------------
Test Passed.
"Boost converter: V_out = V_in/(1-D) with event iteration" end time: Aug 29 05:00 CST
"Boost converter: V_out = V_in/(1-D) with event iteration" time elapsed: 00:00:00
----------------------------------------------------------

291/652 Testing: make_three_phase_spwm_fn — VSI line-to-line peak ≈ V_bus·M·√3/2
291/652 Test: make_three_phase_spwm_fn — VSI line-to-line peak ≈ V_bus·M·√3/2
Command: "/Users/lgili/pulsim_phase2/build-tests/core/pulsim_core_sources_tests" "make_three_phase_spwm_fn — VSI line-to-line peak ≈ V_bus·M·√3/2"
Directory: /Users/lgili/pulsim_phase2/build-tests/core
"make_three_phase_spwm_fn — VSI line-to-line peak ≈ V_bus·M·√3/2" start time: Aug 29 05:00 CST
Output:
----------------------------------------------------------
Filters: "make_three_phase_spwm_fn — VSI line-to-line peak ≈ V_bus·M·√3/2"
Randomness seeded to: 1053539540
===============================================================================
All tests passed (10 assertions in 1 test case)

<end of output>
Test time =   0.04 sec
----------------------------------------------------------
Test Passed.
"make_three_phase_spwm_fn — VSI line-to-line peak ≈ V_bus·M·√3/2" end time: Aug 29 05:00 CST
"make_three_phase_spwm_fn — VSI line-to-line peak ≈ V_bus·M·√3/2" time elapsed: 00:00:00
----------------------------------------------------------

490/652 Testing: run_transient with diodes: allocation count is O(1), not O(n_steps)
490/652 Test: run_transient with diodes: allocation count is O(1), not O(n_steps)
Command: "/Users/lgili/pulsim_phase2/build-tests/core/pulsim_core_perf_tests" "run_transient with diodes: allocation count is O(1)\, not O(n_steps)"
Directory: /Users/lgili/pulsim_phase2/build-tests/core
"run_transient with diodes: allocation count is O(1), not O(n_steps)" start time: Aug 29 05:00 CST
Output:
----------------------------------------------------------
Filters: "run_transient with diodes: allocation count is O(1)\, not O(n_steps)"
Randomness seeded to: 3513736117
===============================================================================
All tests passed (3 assertions in 1 test case)

<end of output>
Test time =   0.01 sec
----------------------------------------------------------
Test Passed.
"run_transient with diodes: allocation count is O(1), not O(n_steps)" end time: Aug 29 05:00 CST
"run_transient with diodes: allocation count is O(1), not O(n_steps)" time elapsed: 00:00:00
----------------------------------------------------------

284/652 Testing: make_spwm_pair_fn — half-bridge mid-point tracks SPWM duty
284/652 Test: make_spwm_pair_fn — half-bridge mid-point tracks SPWM duty
Command: "/Users/lgili/pulsim_phase2/build-tests/core/pulsim_core_sources_tests" "make_spwm_pair_fn — half-bridge mid-point tracks SPWM duty"
Directory: /Users/lgili/pulsim_phase2/build-tests/core
"make_spwm_pair_fn — half-bridge mid-point tracks SPWM duty" start time: Aug 29 05:00 CST
Output:
----------------------------------------------------------
Filters: "make_spwm_pair_fn — half-bridge mid-point tracks SPWM duty"
Randomness seeded to: 2117351470
===============================================================================
All tests passed (6 assertions in 1 test case)

<end of output>
Test time =   0.03 sec
----------------------------------------------------------
Test Passed.
"make_spwm_pair_fn — half-bridge mid-point tracks SPWM duty" end time: Aug 29 05:00 CST
"make_spwm_pair_fn — half-bridge mid-point tracks SPWM duty" time elapsed: 00:00:00
----------------------------------------------------------

37/652 Testing: PEDSimulatorBDF2 on switching stiff RLC tracks DOPRI5 reference
37/652 Test: PEDSimulatorBDF2 on switching stiff RLC tracks DOPRI5 reference
Command: "/Users/lgili/pulsim_phase2/build-tests/core/pulsim_core_dsed_tests" "PEDSimulatorBDF2 on switching stiff RLC tracks DOPRI5 reference"
Directory: /Users/lgili/pulsim_phase2/build-tests/core
"PEDSimulatorBDF2 on switching stiff RLC tracks DOPRI5 reference" start time: Aug 29 05:00 CST
Output:
----------------------------------------------------------
Filters: "PEDSimulatorBDF2 on switching stiff RLC tracks DOPRI5 reference"
Randomness seeded to: 2611836853
===============================================================================
All tests passed (4 assertions in 1 test case)

<end of output>
Test time =   0.03 sec
----------------------------------------------------------
Test Passed.
"PEDSimulatorBDF2 on switching stiff RLC tracks DOPRI5 reference" end time: Aug 29 05:00 CST
"PEDSimulatorBDF2 on switching stiff RLC tracks DOPRI5 reference" time elapsed: 00:00:00
----------------------------------------------------------

589/652 Testing: Buck showcase: alternative duty cycle ≈ 25 % → V_out ≈ 6 V
589/652 Test: Buck showcase: alternative duty cycle ≈ 25 % → V_out ≈ 6 V
Command: "/Users/lgili/pulsim_phase2/build-tests/core/pulsim_core_showcase_tests" "Buck showcase: alternative duty cycle ≈ 25 % → V_out ≈ 6 V"
Directory: /Users/lgili/pulsim_phase2/build-tests/core
"Buck showcase: alternative duty cycle ≈ 25 % → V_out ≈ 6 V" start time: Aug 29 05:00 CST
Output:
----------------------------------------------------------
Filters: "Buck showcase: alternative duty cycle ≈ 25 % → V_out ≈ 6 V"
Randomness seeded to: 844967836
===============================================================================
All tests passed (2 assertions in 1 test case)

<end of output>
Test time =   0.02 sec
----------------------------------------------------------
Test Passed.
"Buck showcase: alternative duty cycle ≈ 25 % → V_out ≈ 6 V" end time: Aug 29 05:00 CST
"Buck showcase: alternative duty cycle ≈ 25 % → V_out ≈ 6 V" time elapsed: 00:00:00
----------------------------------------------------------

593/652 Testing: Showcase: 3-phase 6-pulse diode rectifier via YAML + V11
593/652 Test: Showcase: 3-phase 6-pulse diode rectifier via YAML + V11
Command: "/Users/lgili/pulsim_phase2/build-tests/core/pulsim_core_showcase_tests" "Showcase: 3-phase 6-pulse diode rectifier via YAML + V11"
Directory: /Users/lgili/pulsim_phase2/build-tests/core
"Showcase: 3-phase 6-pulse diode rectifier via YAML + V11" start time: Aug 29 05:00 CST
Output:
----------------------------------------------------------
Filters: "Showcase: 3-phase 6-pulse diode rectifier via YAML + V11"
Randomness seeded to: 1742117173
===============================================================================
All tests passed (11 assertions in 1 test case)

<end of output>
Test time =   0.03 sec
----------------------------------------------------------
Test Passed.
"Showcase: 3-phase 6-pulse diode rectifier via YAML + V11" end time: Aug 29 05:00 CST
"Showcase: 3-phase 6-pulse diode rectifier via YAML + V11" time elapsed: 00:00:00
----------------------------------------------------------

279/652 Testing: make_spwm_pair_fn — shoot-through never happens
279/652 Test: make_spwm_pair_fn — shoot-through never happens
Command: "/Users/lgili/pulsim_phase2/build-tests/core/pulsim_core_sources_tests" "make_spwm_pair_fn — shoot-through never happens"
Directory: /Users/lgili/pulsim_phase2/build-tests/core
"make_spwm_pair_fn — shoot-through never happens" start time: Aug 29 05:00 CST
Output:
----------------------------------------------------------
Filters: "make_spwm_pair_fn — shoot-through never happens"
Randomness seeded to: 4217433385
===============================================================================
All tests passed (50000 assertions in 1 test case)

<end of output>
Test time =   0.03 sec
----------------------------------------------------------
Test Passed.
"make_spwm_pair_fn — shoot-through never happens" end time: Aug 29 05:00 CST
"make_spwm_pair_fn — shoot-through never happens" time elapsed: 00:00:00
----------------------------------------------------------

269/652 Testing: make_dead_time_pwm_pair_fn — shoot-through never happens
269/652 Test: make_dead_time_pwm_pair_fn — shoot-through never happens
Command: "/Users/lgili/pulsim_phase2/build-tests/core/pulsim_core_sources_tests" "make_dead_time_pwm_pair_fn — shoot-through never happens"
Directory: /Users/lgili/pulsim_phase2/build-tests/core
"make_dead_time_pwm_pair_fn — shoot-through never happens" start time: Aug 29 05:00 CST
Output:
----------------------------------------------------------
Filters: "make_dead_time_pwm_pair_fn — shoot-through never happens"
Randomness seeded to: 531037218
===============================================================================
All tests passed (20000 assertions in 1 test case)

<end of output>
Test time =   0.02 sec
----------------------------------------------------------
Test Passed.
"make_dead_time_pwm_pair_fn — shoot-through never happens" end time: Aug 29 05:00 CST
"make_dead_time_pwm_pair_fn — shoot-through never happens" time elapsed: 00:00:00
----------------------------------------------------------

488/652 Testing: steady-state solve_at (same mask+dt) is allocation-free
488/652 Test: steady-state solve_at (same mask+dt) is allocation-free
Command: "/Users/lgili/pulsim_phase2/build-tests/core/pulsim_core_perf_tests" "steady-state solve_at (same mask+dt) is allocation-free"
Directory: /Users/lgili/pulsim_phase2/build-tests/core
"steady-state solve_at (same mask+dt) is allocation-free" start time: Aug 29 05:00 CST
Output:
----------------------------------------------------------
Filters: "steady-state solve_at (same mask+dt) is allocation-free"
Randomness seeded to: 4061176824
===============================================================================
All tests passed (2 assertions in 1 test case)

<end of output>
Test time =   0.01 sec
----------------------------------------------------------
Test Passed.
"steady-state solve_at (same mask+dt) is allocation-free" end time: Aug 29 05:00 CST
"steady-state solve_at (same mask+dt) is allocation-free" time elapsed: 00:00:00
----------------------------------------------------------

399/652 Testing: The recovered answer is the right one
399/652 Test: The recovered answer is the right one
Command: "/Users/lgili/pulsim_phase2/build-tests/core/pulsim_core_layer5_tests" "The recovered answer is the right one"
Directory: /Users/lgili/pulsim_phase2/build-tests/core
"The recovered answer is the right one" start time: Aug 29 05:00 CST
Output:
----------------------------------------------------------
Filters: "The recovered answer is the right one"
Randomness seeded to: 3148963182
===============================================================================
All tests passed (5 assertions in 1 test case)

<end of output>
Test time =   0.02 sec
----------------------------------------------------------
Test Passed.
"The recovered answer is the right one" end time: Aug 29 05:00 CST
"The recovered answer is the right one" time elapsed: 00:00:00
----------------------------------------------------------

508/652 Testing: Synchronous buck converter: steady-state matches analytical
508/652 Test: Synchronous buck converter: steady-state matches analytical
Command: "/Users/lgili/pulsim_phase2/build-tests/core/pulsim_core_layer5_v1_tests" "Synchronous buck converter: steady-state matches analytical"
Directory: /Users/lgili/pulsim_phase2/build-tests/core
"Synchronous buck converter: steady-state matches analytical" start time: Aug 29 05:00 CST
Output:
----------------------------------------------------------
Filters: "Synchronous buck converter: steady-state matches analytical"
Randomness seeded to: 3812244504
===============================================================================
All tests passed (7 assertions in 1 test case)

<end of output>
Test time =   0.02 sec
----------------------------------------------------------
Test Passed.
"Synchronous buck converter: steady-state matches analytical" end time: Aug 29 05:00 CST
"Synchronous buck converter: steady-state matches analytical" time elapsed: 00:00:00
----------------------------------------------------------

588/652 Testing: SMPS showcase: open-loop buck via YAML reaches V_in · D
588/652 Test: SMPS showcase: open-loop buck via YAML reaches V_in · D
Command: "/Users/lgili/pulsim_phase2/build-tests/core/pulsim_core_showcase_tests" "SMPS showcase: open-loop buck via YAML reaches V_in · D"
Directory: /Users/lgili/pulsim_phase2/build-tests/core
"SMPS showcase: open-loop buck via YAML reaches V_in · D" start time: Aug 29 05:00 CST
Output:
----------------------------------------------------------
Filters: "SMPS showcase: open-loop buck via YAML reaches V_in · D"
Randomness seeded to: 1888781277
===============================================================================
All tests passed (6 assertions in 1 test case)

<end of output>
Test time =   0.02 sec
----------------------------------------------------------
Test Passed.
"SMPS showcase: open-loop buck via YAML reaches V_in · D" end time: Aug 29 05:00 CST
"SMPS showcase: open-loop buck via YAML reaches V_in · D" time elapsed: 00:00:00
----------------------------------------------------------

652/652 Testing: κ=20 stiff rectifier solves from AUTO smart warm-start (no manual load-line)
652/652 Test: κ=20 stiff rectifier solves from AUTO smart warm-start (no manual load-line)
Command: "/Users/lgili/pulsim_phase2/build-tests/core/pulsim_core_layer5_v4_tests" "κ=20 stiff rectifier solves from AUTO smart warm-start (no manual load-line)"
Directory: /Users/lgili/pulsim_phase2/build-tests/core
"κ=20 stiff rectifier solves from AUTO smart warm-start (no manual load-line)" start time: Aug 29 05:00 CST
Output:
----------------------------------------------------------
Filters: "κ=20 stiff rectifier solves from AUTO smart warm-start (no manual load-line)"
Randomness seeded to: 4172902917
===============================================================================
All tests passed (6 assertions in 1 test case)

<end of output>
Test time =   0.01 sec
----------------------------------------------------------
Test Passed.
"κ=20 stiff rectifier solves from AUTO smart warm-start (no manual load-line)" end time: Aug 29 05:00 CST
"κ=20 stiff rectifier solves from AUTO smart warm-start (no manual load-line)" time elapsed: 00:00:00
----------------------------------------------------------

595/652 Testing: Showcase: common-source MOSFET amplifier (V13 + V11)
595/652 Test: Showcase: common-source MOSFET amplifier (V13 + V11)
Command: "/Users/lgili/pulsim_phase2/build-tests/core/pulsim_core_showcase_tests" "Showcase: common-source MOSFET amplifier (V13 + V11)"
Directory: /Users/lgili/pulsim_phase2/build-tests/core
"Showcase: common-source MOSFET amplifier (V13 + V11)" start time: Aug 29 05:00 CST
Output:
----------------------------------------------------------
Filters: "Showcase: common-source MOSFET amplifier (V13 + V11)"
Randomness seeded to: 792764930
===============================================================================
All tests passed (9 assertions in 1 test case)

<end of output>
Test time =   0.01 sec
----------------------------------------------------------
Test Passed.
"Showcase: common-source MOSFET amplifier (V13 + V11)" end time: Aug 29 05:00 CST
"Showcase: common-source MOSFET amplifier (V13 + V11)" time elapsed: 00:00:00
----------------------------------------------------------

56/652 Testing: PEDSimulatorAuto invalidates both RK45 and BDF2 state on every mask change
56/652 Test: PEDSimulatorAuto invalidates both RK45 and BDF2 state on every mask change
Command: "/Users/lgili/pulsim_phase2/build-tests/core/pulsim_core_dsed_tests" "PEDSimulatorAuto invalidates both RK45 and BDF2 state on every mask change"
Directory: /Users/lgili/pulsim_phase2/build-tests/core
"PEDSimulatorAuto invalidates both RK45 and BDF2 state on every mask change" start time: Aug 29 05:00 CST
Output:
----------------------------------------------------------
Filters: "PEDSimulatorAuto invalidates both RK45 and BDF2 state on every mask change"
Randomness seeded to: 253024000
===============================================================================
All tests passed (7337 assertions in 1 test case)

<end of output>
Test time =   0.01 sec
----------------------------------------------------------
Test Passed.
"PEDSimulatorAuto invalidates both RK45 and BDF2 state on every mask change" end time: Aug 29 05:00 CST
"PEDSimulatorAuto invalidates both RK45 and BDF2 state on every mask change" time elapsed: 00:00:00
----------------------------------------------------------

109/652 Testing: Phase-1 LU: banded factor time scales ~linearly (kills the O(n^2) floor)
109/652 Test: Phase-1 LU: banded factor time scales ~linearly (kills the O(n^2) floor)
Command: "/Users/lgili/pulsim_phase2/build-tests/core/pulsim_core_layer0_tests" "Phase-1 LU: banded factor time scales ~linearly (kills the O(n^2) floor)"
Directory: /Users/lgili/pulsim_phase2/build-tests/core
"Phase-1 LU: banded factor time scales ~linearly (kills the O(n^2) floor)" start time: Aug 29 05:00 CST
Output:
----------------------------------------------------------
Filters: "Phase-1 LU: banded factor time scales ~linearly (kills the O(n^2) floor)"
Randomness seeded to: 2210697487
===============================================================================
All tests passed (13 assertions in 1 test case)

<end of output>
Test time =   0.02 sec
----------------------------------------------------------
Test Passed.
"Phase-1 LU: banded factor time scales ~linearly (kills the O(n^2) floor)" end time: Aug 29 05:00 CST
"Phase-1 LU: banded factor time scales ~linearly (kills the O(n^2) floor)" time elapsed: 00:00:00
----------------------------------------------------------

285/652 Testing: make_three_phase_spwm_fn — shoot-through never happens on any leg
285/652 Test: make_three_phase_spwm_fn — shoot-through never happens on any leg
Command: "/Users/lgili/pulsim_phase2/build-tests/core/pulsim_core_sources_tests" "make_three_phase_spwm_fn — shoot-through never happens on any leg"
Directory: /Users/lgili/pulsim_phase2/build-tests/core
"make_three_phase_spwm_fn — shoot-through never happens on any leg" start time: Aug 29 05:00 CST
Output:
----------------------------------------------------------
Filters: "make_three_phase_spwm_fn — shoot-through never happens on any leg"
Randomness seeded to: 1847737077
===============================================================================
All tests passed (90000 assertions in 1 test case)

<end of output>
Test time =   0.02 sec
----------------------------------------------------------
Test Passed.
"make_three_phase_spwm_fn — shoot-through never happens on any leg" end time: Aug 29 05:00 CST
"make_three_phase_spwm_fn — shoot-through never happens on any leg" time elapsed: 00:00:00
----------------------------------------------------------

130/652 Testing: Equality requires same size AND same bits
130/652 Test: Equality requires same size AND same bits
Command: "/Users/lgili/pulsim_phase2/build-tests/core/pulsim_core_layer1_tests" "Equality requires same size AND same bits"
Directory: /Users/lgili/pulsim_phase2/build-tests/core
"Equality requires same size AND same bits" start time: Aug 29 05:00 CST
Output:
----------------------------------------------------------
Filters: "Equality requires same size AND same bits"
Randomness seeded to: 1145542232
===============================================================================
All tests passed (5 assertions in 1 test case)

<end of output>
Test time =   0.01 sec
----------------------------------------------------------
Test Passed.
"Equality requires same size AND same bits" end time: Aug 29 05:00 CST
"Equality requires same size AND same bits" time elapsed: 00:00:00
----------------------------------------------------------

294/652 Testing: make_phase_shift_full_bridge_fn — shoot-through never happens per leg
294/652 Test: make_phase_shift_full_bridge_fn — shoot-through never happens per leg
Command: "/Users/lgili/pulsim_phase2/build-tests/core/pulsim_core_sources_tests" "make_phase_shift_full_bridge_fn — shoot-through never happens per leg"
Directory: /Users/lgili/pulsim_phase2/build-tests/core
"make_phase_shift_full_bridge_fn — shoot-through never happens per leg" start time: Aug 29 05:00 CST
Output:
----------------------------------------------------------
Filters: "make_phase_shift_full_bridge_fn — shoot-through never happens per leg"
Randomness seeded to: 4168757715
===============================================================================
All tests passed (15000 assertions in 1 test case)

<end of output>
Test time =   0.01 sec
----------------------------------------------------------
Test Passed.
"make_phase_shift_full_bridge_fn — shoot-through never happens per leg" end time: Aug 29 05:00 CST
"make_phase_shift_full_bridge_fn — shoot-through never happens per leg" time elapsed: 00:00:00
----------------------------------------------------------

368/652 Testing: Auto falls through to the rung that can answer
368/652 Test: Auto falls through to the rung that can answer
Command: "/Users/lgili/pulsim_phase2/build-tests/core/pulsim_core_layer4_tests" "Auto falls through to the rung that can answer"
Directory: /Users/lgili/pulsim_phase2/build-tests/core
"Auto falls through to the rung that can answer" start time: Aug 29 05:00 CST
Output:
----------------------------------------------------------
Filters: "Auto falls through to the rung that can answer"
Randomness seeded to: 99833899
===============================================================================
All tests passed (3 assertions in 1 test case)

<end of output>
Test time =   0.01 sec
----------------------------------------------------------
Test Passed.
"Auto falls through to the rung that can answer" end time: Aug 29 05:00 CST
"Auto falls through to the rung that can answer" time elapsed: 00:00:00
----------------------------------------------------------

277/652 Testing: make_dead_time_pwm_pair_fn — half-bridge leg drives RC load to V·duty
277/652 Test: make_dead_time_pwm_pair_fn — half-bridge leg drives RC load to V·duty
Command: "/Users/lgili/pulsim_phase2/build-tests/core/pulsim_core_sources_tests" "make_dead_time_pwm_pair_fn — half-bridge leg drives RC load to V·duty"
Directory: /Users/lgili/pulsim_phase2/build-tests/core
"make_dead_time_pwm_pair_fn — half-bridge leg drives RC load to V·duty" start time: Aug 29 05:00 CST
Output:
----------------------------------------------------------
Filters: "make_dead_time_pwm_pair_fn — half-bridge leg drives RC load to V·duty"
Randomness seeded to: 957443185
===============================================================================
All tests passed (4 assertions in 1 test case)

<end of output>
Test time =   0.01 sec
----------------------------------------------------------
Test Passed.
"make_dead_time_pwm_pair_fn — half-bridge leg drives RC load to V·duty" end time: Aug 29 05:00 CST
"make_dead_time_pwm_pair_fn — half-bridge leg drives RC load to V·duty" time elapsed: 00:00:00
----------------------------------------------------------

54/652 Testing: PEDSimulatorAuto event log records integrator-per-segment
54/652 Test: PEDSimulatorAuto event log records integrator-per-segment
Command: "/Users/lgili/pulsim_phase2/build-tests/core/pulsim_core_dsed_tests" "PEDSimulatorAuto event log records integrator-per-segment"
Directory: /Users/lgili/pulsim_phase2/build-tests/core
"PEDSimulatorAuto event log records integrator-per-segment" start time: Aug 29 05:00 CST
Output:
----------------------------------------------------------
Filters: "PEDSimulatorAuto event log records integrator-per-segment"
Randomness seeded to: 1652413110
===============================================================================
All tests passed (6 assertions in 1 test case)

<end of output>
Test time =   0.01 sec
----------------------------------------------------------
Test Passed.
"PEDSimulatorAuto event log records integrator-per-segment" end time: Aug 29 05:00 CST
"PEDSimulatorAuto event log records integrator-per-segment" time elapsed: 00:00:00
----------------------------------------------------------

632/652 Testing: compute_lti_state_space rejects 3-inductor triangle loop (Bridge.9)
632/652 Test: compute_lti_state_space rejects 3-inductor triangle loop (Bridge.9)
Command: "/Users/lgili/pulsim_phase2/build-tests/core/pulsim_core_layer4_v3_tests" "compute_lti_state_space rejects 3-inductor triangle loop (Bridge.9)"
Directory: /Users/lgili/pulsim_phase2/build-tests/core
"compute_lti_state_space rejects 3-inductor triangle loop (Bridge.9)" start time: Aug 29 05:00 CST
Output:
----------------------------------------------------------
Filters: "compute_lti_state_space rejects 3-inductor triangle loop (Bridge.9)"
Randomness seeded to: 345750092
===============================================================================
All tests passed (1 assertion in 1 test case)

<end of output>
Test time =   0.01 sec
----------------------------------------------------------
Test Passed.
"compute_lti_state_space rejects 3-inductor triangle loop (Bridge.9)" end time: Aug 29 05:00 CST
"compute_lti_state_space rejects 3-inductor triangle loop (Bridge.9)" time elapsed: 00:00:00
----------------------------------------------------------

258/652 Testing: run_mna_sweep: series RLC peak matches 1/(2π·sqrt(LC)) within 0.5 %
258/652 Test: run_mna_sweep: series RLC peak matches 1/(2π·sqrt(LC)) within 0.5 %
Command: "/Users/lgili/pulsim_phase2/build-tests/core/pulsim_core_analysis_tests" "run_mna_sweep: series RLC peak matches 1/(2π·sqrt(LC)) within 0.5 %"
Directory: /Users/lgili/pulsim_phase2/build-tests/core
"run_mna_sweep: series RLC peak matches 1/(2π·sqrt(LC)) within 0.5 %" start time: Aug 29 05:00 CST
Output:
----------------------------------------------------------
Filters: "run_mna_sweep: series RLC peak matches 1/(2π·sqrt(LC)) within 0.5 %"
Randomness seeded to: 1890492403
===============================================================================
All tests passed (3 assertions in 1 test case)

<end of output>
Test time =   0.01 sec
----------------------------------------------------------
Test Passed.
"run_mna_sweep: series RLC peak matches 1/(2π·sqrt(LC)) within 0.5 %" end time: Aug 29 05:00 CST
"run_mna_sweep: series RLC peak matches 1/(2π·sqrt(LC)) within 0.5 %" time elapsed: 00:00:00
----------------------------------------------------------

441/652 Testing: Inductor: g_eq_inv scales linearly with dt
441/652 Test: Inductor: g_eq_inv scales linearly with dt
Command: "/Users/lgili/pulsim_phase2/build-tests/core/pulsim_core_layer4_v1_tests" "Inductor: g_eq_inv scales linearly with dt"
Directory: /Users/lgili/pulsim_phase2/build-tests/core
"Inductor: g_eq_inv scales linearly with dt" start time: Aug 29 05:00 CST
Output:
----------------------------------------------------------
Filters: "Inductor: g_eq_inv scales linearly with dt"
Randomness seeded to: 503262516
===============================================================================
All tests passed (2 assertions in 1 test case)

<end of output>
Test time =   0.01 sec
----------------------------------------------------------
Test Passed.
"Inductor: g_eq_inv scales linearly with dt" end time: Aug 29 05:00 CST
"Inductor: g_eq_inv scales linearly with dt" time elapsed: 00:00:00
----------------------------------------------------------

110/652 Testing: Phase-1 LU: COLAMD beats RCM on a 2-D grid
110/652 Test: Phase-1 LU: COLAMD beats RCM on a 2-D grid
Command: "/Users/lgili/pulsim_phase2/build-tests/core/pulsim_core_layer0_tests" "Phase-1 LU: COLAMD beats RCM on a 2-D grid"
Directory: /Users/lgili/pulsim_phase2/build-tests/core
"Phase-1 LU: COLAMD beats RCM on a 2-D grid" start time: Aug 29 05:00 CST
Output:
----------------------------------------------------------
Filters: "Phase-1 LU: COLAMD beats RCM on a 2-D grid"
Randomness seeded to: 3249230727
===============================================================================
All tests passed (7 assertions in 1 test case)

<end of output>
Test time =   0.01 sec
----------------------------------------------------------
Test Passed.
"Phase-1 LU: COLAMD beats RCM on a 2-D grid" end time: Aug 29 05:00 CST
"Phase-1 LU: COLAMD beats RCM on a 2-D grid" time elapsed: 00:00:00
----------------------------------------------------------

557/652 Testing: MOSFET helper preserves topology (smoke buck setup)
557/652 Test: MOSFET helper preserves topology (smoke buck setup)
Command: "/Users/lgili/pulsim_phase2/build-tests/core/pulsim_core_builder_tests" "MOSFET helper preserves topology (smoke buck setup)"
Directory: /Users/lgili/pulsim_phase2/build-tests/core
"MOSFET helper preserves topology (smoke buck setup)" start time: Aug 29 05:00 CST
Output:
----------------------------------------------------------
Filters: "MOSFET helper preserves topology (smoke buck setup)"
Randomness seeded to: 2144082288
===============================================================================
All tests passed (6 assertions in 1 test case)

<end of output>
Test time =   0.01 sec
----------------------------------------------------------
Test Passed.
"MOSFET helper preserves topology (smoke buck setup)" end time: Aug 29 05:00 CST
"MOSFET helper preserves topology (smoke buck setup)" time elapsed: 00:00:00
----------------------------------------------------------

540/652 Testing: RC half-wave: substep correction stays finite and bounded
540/652 Test: RC half-wave: substep correction stays finite and bounded
Command: "/Users/lgili/pulsim_phase2/build-tests/core/pulsim_core_layer5_v3_tests" "RC half-wave: substep correction stays finite and bounded"
Directory: /Users/lgili/pulsim_phase2/build-tests/core
"RC half-wave: substep correction stays finite and bounded" start time: Aug 29 05:00 CST
Output:
----------------------------------------------------------
Filters: "RC half-wave: substep correction stays finite and bounded"
Randomness seeded to: 2068675766
===============================================================================
All tests passed (1006 assertions in 1 test case)

<end of output>
Test time =   0.02 sec
----------------------------------------------------------
Test Passed.
"RC half-wave: substep correction stays finite and bounded" end time: Aug 29 05:00 CST
"RC half-wave: substep correction stays finite and bounded" time elapsed: 00:00:00
----------------------------------------------------------

129/652 Testing: flip toggles the addressed bit
129/652 Test: flip toggles the addressed bit
Command: "/Users/lgili/pulsim_phase2/build-tests/core/pulsim_core_layer1_tests" "flip toggles the addressed bit"
Directory: /Users/lgili/pulsim_phase2/build-tests/core
"flip toggles the addressed bit" start time: Aug 29 05:00 CST
Output:
----------------------------------------------------------
Filters: "flip toggles the addressed bit"
Randomness seeded to: 3510154529
===============================================================================
All tests passed (3 assertions in 1 test case)

<end of output>
Test time =   0.00 sec
----------------------------------------------------------
Test Passed.
"flip toggles the addressed bit" end time: Aug 29 05:00 CST
"flip toggles the addressed bit" time elapsed: 00:00:00
----------------------------------------------------------

128/652 Testing: set / get round-trips bits in any order
128/652 Test: set / get round-trips bits in any order
Command: "/Users/lgili/pulsim_phase2/build-tests/core/pulsim_core_layer1_tests" "set / get round-trips bits in any order"
Directory: /Users/lgili/pulsim_phase2/build-tests/core
"set / get round-trips bits in any order" start time: Aug 29 05:00 CST
Output:
----------------------------------------------------------
Filters: "set / get round-trips bits in any order"
Randomness seeded to: 2045980898
===============================================================================
All tests passed (8 assertions in 1 test case)

<end of output>
Test time =   0.00 sec
----------------------------------------------------------
Test Passed.
"set / get round-trips bits in any order" end time: Aug 29 05:00 CST
"set / get round-trips bits in any order" time elapsed: 00:00:00
----------------------------------------------------------

601/652 Testing: DC OP: V-R-GND gives v_node = V_dc
601/652 Test: DC OP: V-R-GND gives v_node = V_dc
Command: "/Users/lgili/pulsim_phase2/build-tests/core/pulsim_core_layer4_v2_tests" "DC OP: V-R-GND gives v_node = V_dc"
Directory: /Users/lgili/pulsim_phase2/build-tests/core
"DC OP: V-R-GND gives v_node = V_dc" start time: Aug 29 05:00 CST
Output:
----------------------------------------------------------
Filters: "DC OP: V-R-GND gives v_node = V_dc"
Randomness seeded to: 4145813174
===============================================================================
All tests passed (1 assertion in 1 test case)

<end of output>
Test time =   0.01 sec
----------------------------------------------------------
Test Passed.
"DC OP: V-R-GND gives v_node = V_dc" end time: Aug 29 05:00 CST
"DC OP: V-R-GND gives v_node = V_dc" time elapsed: 00:00:00
----------------------------------------------------------

38/652 Testing: PEDSimulatorBDF2 on switching stiff RLC beats DOPRI5 wall-clock
38/652 Test: PEDSimulatorBDF2 on switching stiff RLC beats DOPRI5 wall-clock
Command: "/Users/lgili/pulsim_phase2/build-tests/core/pulsim_core_dsed_tests" "PEDSimulatorBDF2 on switching stiff RLC beats DOPRI5 wall-clock"
Directory: /Users/lgili/pulsim_phase2/build-tests/core
"PEDSimulatorBDF2 on switching stiff RLC beats DOPRI5 wall-clock" start time: Aug 29 05:00 CST
Output:
----------------------------------------------------------
Filters: "PEDSimulatorBDF2 on switching stiff RLC beats DOPRI5 wall-clock"
Randomness seeded to: 2751888001
===============================================================================
All tests passed (2 assertions in 1 test case)

<end of output>
Test time =   0.01 sec
----------------------------------------------------------
Test Passed.
"PEDSimulatorBDF2 on switching stiff RLC beats DOPRI5 wall-clock" end time: Aug 29 05:00 CST
"PEDSimulatorBDF2 on switching stiff RLC beats DOPRI5 wall-clock" time elapsed: 00:00:00
----------------------------------------------------------

566/652 Testing: YAML loader: pwm_voltage_source round-trip
566/652 Test: YAML loader: pwm_voltage_source round-trip
Command: "/Users/lgili/pulsim_phase2/build-tests/core/pulsim_core_yaml_tests" "YAML loader: pwm_voltage_source round-trip"
Directory: /Users/lgili/pulsim_phase2/build-tests/core
"YAML loader: pwm_voltage_source round-trip" start time: Aug 29 05:00 CST
Output:
----------------------------------------------------------
Filters: "YAML loader: pwm_voltage_source round-trip"
Randomness seeded to: 4186316547
===============================================================================
All tests passed (7 assertions in 1 test case)

<end of output>
Test time =   0.01 sec
----------------------------------------------------------
Test Passed.
"YAML loader: pwm_voltage_source round-trip" end time: Aug 29 05:00 CST
"YAML loader: pwm_voltage_source round-trip" time elapsed: 00:00:00
----------------------------------------------------------

132/652 Testing: Different-size masks with same bits hash differently
132/652 Test: Different-size masks with same bits hash differently
Command: "/Users/lgili/pulsim_phase2/build-tests/core/pulsim_core_layer1_tests" "Different-size masks with same bits hash differently"
Directory: /Users/lgili/pulsim_phase2/build-tests/core
"Different-size masks with same bits hash differently" start time: Aug 29 05:00 CST
Output:
----------------------------------------------------------
Filters: "Different-size masks with same bits hash differently"
Randomness seeded to: 2683255002
===============================================================================
All tests passed (1 assertion in 1 test case)

<end of output>
Test time =   0.00 sec
----------------------------------------------------------
Test Passed.
"Different-size masks with same bits hash differently" end time: Aug 29 05:00 CST
"Different-size masks with same bits hash differently" time elapsed: 00:00:00
----------------------------------------------------------

134/652 Testing: Dynamic width: masks beyond 64 switches (Phase 1)
134/652 Test: Dynamic width: masks beyond 64 switches (Phase 1)
Command: "/Users/lgili/pulsim_phase2/build-tests/core/pulsim_core_layer1_tests" "Dynamic width: masks beyond 64 switches (Phase 1)"
Directory: /Users/lgili/pulsim_phase2/build-tests/core
"Dynamic width: masks beyond 64 switches (Phase 1)" start time: Aug 29 05:00 CST
Output:
----------------------------------------------------------
Filters: "Dynamic width: masks beyond 64 switches (Phase 1)"
Randomness seeded to: 524303537
===============================================================================
All tests passed (26 assertions in 1 test case)

<end of output>
Test time =   0.00 sec
----------------------------------------------------------
Test Passed.
"Dynamic width: masks beyond 64 switches (Phase 1)" end time: Aug 29 05:00 CST
"Dynamic width: masks beyond 64 switches (Phase 1)" time elapsed: 00:00:00
----------------------------------------------------------

131/652 Testing: Equal masks hash to the same value
131/652 Test: Equal masks hash to the same value
Command: "/Users/lgili/pulsim_phase2/build-tests/core/pulsim_core_layer1_tests" "Equal masks hash to the same value"
Directory: /Users/lgili/pulsim_phase2/build-tests/core
"Equal masks hash to the same value" start time: Aug 29 05:00 CST
Output:
----------------------------------------------------------
Filters: "Equal masks hash to the same value"
Randomness seeded to: 1415088846
===============================================================================
All tests passed (2 assertions in 1 test case)

<end of output>
Test time =   0.00 sec
----------------------------------------------------------
Test Passed.
"Equal masks hash to the same value" end time: Aug 29 05:00 CST
"Equal masks hash to the same value" time elapsed: 00:00:00
----------------------------------------------------------

133/652 Testing: operator< yields a stable total order usable by std::set
133/652 Test: operator< yields a stable total order usable by std::set
Command: "/Users/lgili/pulsim_phase2/build-tests/core/pulsim_core_layer1_tests" "operator< yields a stable total order usable by std::set"
Directory: /Users/lgili/pulsim_phase2/build-tests/core
"operator< yields a stable total order usable by std::set" start time: Aug 29 05:00 CST
Output:
----------------------------------------------------------
Filters: "operator< yields a stable total order usable by std::set"
Randomness seeded to: 3611051071
===============================================================================
All tests passed (1 assertion in 1 test case)

<end of output>
Test time =   0.00 sec
----------------------------------------------------------
Test Passed.
"operator< yields a stable total order usable by std::set" end time: Aug 29 05:00 CST
"operator< yields a stable total order usable by std::set" time elapsed: 00:00:00
----------------------------------------------------------

599/652 Testing: Showcase: LDO with op-amp feedback (V13 + V15)
599/652 Test: Showcase: LDO with op-amp feedback (V13 + V15)
Command: "/Users/lgili/pulsim_phase2/build-tests/core/pulsim_core_showcase_tests" "Showcase: LDO with op-amp feedback (V13 + V15)"
Directory: /Users/lgili/pulsim_phase2/build-tests/core
"Showcase: LDO with op-amp feedback (V13 + V15)" start time: Aug 29 05:00 CST
Output:
----------------------------------------------------------
Filters: "Showcase: LDO with op-amp feedback (V13 + V15)"
Randomness seeded to: 2015024887
===============================================================================
All tests passed (7 assertions in 1 test case)

<end of output>
Test time =   0.01 sec
----------------------------------------------------------
Test Passed.
"Showcase: LDO with op-amp feedback (V13 + V15)" end time: Aug 29 05:00 CST
"Showcase: LDO with op-amp feedback (V13 + V15)" time elapsed: 00:00:00
----------------------------------------------------------

135/652 Testing: Usable as unordered_map key
135/652 Test: Usable as unordered_map key
Command: "/Users/lgili/pulsim_phase2/build-tests/core/pulsim_core_layer1_tests" "Usable as unordered_map key"
Directory: /Users/lgili/pulsim_phase2/build-tests/core
"Usable as unordered_map key" start time: Aug 29 05:00 CST
Output:
----------------------------------------------------------
Filters: "Usable as unordered_map key"
Randomness seeded to: 1212093015
===============================================================================
All tests passed (2 assertions in 1 test case)

<end of output>
Test time =   0.00 sec
----------------------------------------------------------
Test Passed.
"Usable as unordered_map key" end time: Aug 29 05:00 CST
"Usable as unordered_map key" time elapsed: 00:00:00
----------------------------------------------------------

367/652 Testing: gmin stepping solves a chain the direct solve cannot
367/652 Test: gmin stepping solves a chain the direct solve cannot
Command: "/Users/lgili/pulsim_phase2/build-tests/core/pulsim_core_layer4_tests" "gmin stepping solves a chain the direct solve cannot"
Directory: /Users/lgili/pulsim_phase2/build-tests/core
"gmin stepping solves a chain the direct solve cannot" start time: Aug 29 05:00 CST
Output:
----------------------------------------------------------
Filters: "gmin stepping solves a chain the direct solve cannot"
Randomness seeded to: 1376792072
===============================================================================
All tests passed (7 assertions in 1 test case)

<end of output>
Test time =   0.01 sec
----------------------------------------------------------
Test Passed.
"gmin stepping solves a chain the direct solve cannot" end time: Aug 29 05:00 CST
"gmin stepping solves a chain the direct solve cannot" time elapsed: 00:00:00
----------------------------------------------------------

645/652 Testing: Continuation rectifier: κ=20 sinusoidal solve
645/652 Test: Continuation rectifier: κ=20 sinusoidal solve
Command: "/Users/lgili/pulsim_phase2/build-tests/core/pulsim_core_layer5_v4_tests" "Continuation rectifier: κ=20 sinusoidal solve"
Directory: /Users/lgili/pulsim_phase2/build-tests/core
"Continuation rectifier: κ=20 sinusoidal solve" start time: Aug 29 05:00 CST
Output:
----------------------------------------------------------
Filters: "Continuation rectifier: κ=20 sinusoidal solve"
Randomness seeded to: 3784789300
===============================================================================
All tests passed (6 assertions in 1 test case)

<end of output>
Test time =   0.01 sec
----------------------------------------------------------
Test Passed.
"Continuation rectifier: κ=20 sinusoidal solve" end time: Aug 29 05:00 CST
"Continuation rectifier: κ=20 sinusoidal solve" time elapsed: 00:00:00
----------------------------------------------------------

397/652 Testing: A step that fails at dt succeeds at dt/2
397/652 Test: A step that fails at dt succeeds at dt/2
Command: "/Users/lgili/pulsim_phase2/build-tests/core/pulsim_core_layer5_tests" "A step that fails at dt succeeds at dt/2"
Directory: /Users/lgili/pulsim_phase2/build-tests/core
"A step that fails at dt succeeds at dt/2" start time: Aug 29 05:00 CST
Output:
----------------------------------------------------------
Filters: "A step that fails at dt succeeds at dt/2"
Randomness seeded to: 2613684950
===============================================================================
All tests passed (7 assertions in 1 test case)

<end of output>
Test time =   0.01 sec
----------------------------------------------------------
Test Passed.
"A step that fails at dt succeeds at dt/2" end time: Aug 29 05:00 CST
"A step that fails at dt succeeds at dt/2" time elapsed: 00:00:00
----------------------------------------------------------

19/652 Testing: Buck CCM in PED matches fixed-step trapezoidal within 0.1% RMSE
19/652 Test: Buck CCM in PED matches fixed-step trapezoidal within 0.1% RMSE
Command: "/Users/lgili/pulsim_phase2/build-tests/core/pulsim_core_dsed_tests" "Buck CCM in PED matches fixed-step trapezoidal within 0.1% RMSE"
Directory: /Users/lgili/pulsim_phase2/build-tests/core
"Buck CCM in PED matches fixed-step trapezoidal within 0.1% RMSE" start time: Aug 29 05:00 CST
Output:
----------------------------------------------------------
Filters: "Buck CCM in PED matches fixed-step trapezoidal within 0.1% RMSE"
Randomness seeded to: 3932738824
===============================================================================
All tests passed (5 assertions in 1 test case)

<end of output>
Test time =   0.01 sec
----------------------------------------------------------
Test Passed.
"Buck CCM in PED matches fixed-step trapezoidal within 0.1% RMSE" end time: Aug 29 05:00 CST
"Buck CCM in PED matches fixed-step trapezoidal within 0.1% RMSE" time elapsed: 00:00:00
----------------------------------------------------------

313/652 Testing: Resistor stamping is additive (parallel resistors)
313/652 Test: Resistor stamping is additive (parallel resistors)
Command: "/Users/lgili/pulsim_phase2/build-tests/core/pulsim_core_layer3_tests" "Resistor stamping is additive (parallel resistors)"
Directory: /Users/lgili/pulsim_phase2/build-tests/core
"Resistor stamping is additive (parallel resistors)" start time: Aug 29 05:00 CST
Output:
----------------------------------------------------------
Filters: "Resistor stamping is additive (parallel resistors)"
Randomness seeded to: 266465948
===============================================================================
All tests passed (4 assertions in 1 test case)

<end of output>
Test time =   0.01 sec
----------------------------------------------------------
Test Passed.
"Resistor stamping is additive (parallel resistors)" end time: Aug 29 05:00 CST
"Resistor stamping is additive (parallel resistors)" time elapsed: 00:00:00
----------------------------------------------------------

108/652 Testing: Phase-1 LU: correctness across MNA-like sizes
108/652 Test: Phase-1 LU: correctness across MNA-like sizes
Command: "/Users/lgili/pulsim_phase2/build-tests/core/pulsim_core_layer0_tests" "Phase-1 LU: correctness across MNA-like sizes"
Directory: /Users/lgili/pulsim_phase2/build-tests/core
"Phase-1 LU: correctness across MNA-like sizes" start time: Aug 29 05:00 CST
Output:
----------------------------------------------------------
Filters: "Phase-1 LU: correctness across MNA-like sizes"
Randomness seeded to: 1577614488
===============================================================================
All tests passed (9 assertions in 1 test case)

<end of output>
Test time =   0.01 sec
----------------------------------------------------------
Test Passed.
"Phase-1 LU: correctness across MNA-like sizes" end time: Aug 29 05:00 CST
"Phase-1 LU: correctness across MNA-like sizes" time elapsed: 00:00:00
----------------------------------------------------------

111/652 Testing: Phase-1 gate: n=5000 circuit-like factorization under budget
111/652 Test: Phase-1 gate: n=5000 circuit-like factorization under budget
Command: "/Users/lgili/pulsim_phase2/build-tests/core/pulsim_core_layer0_tests" "Phase-1 gate: n=5000 circuit-like factorization under budget"
Directory: /Users/lgili/pulsim_phase2/build-tests/core
"Phase-1 gate: n=5000 circuit-like factorization under budget" start time: Aug 29 05:00 CST
Output:
----------------------------------------------------------
Filters: "Phase-1 gate: n=5000 circuit-like factorization under budget"
Randomness seeded to: 3655876660
===============================================================================
All tests passed (4 assertions in 1 test case)

<end of output>
Test time =   0.01 sec
----------------------------------------------------------
Test Passed.
"Phase-1 gate: n=5000 circuit-like factorization under budget" end time: Aug 29 05:00 CST
"Phase-1 gate: n=5000 circuit-like factorization under budget" time elapsed: 00:00:00
----------------------------------------------------------

226/652 Testing: Pulse source step charges an RC circuit exponentially
226/652 Test: Pulse source step charges an RC circuit exponentially
Command: "/Users/lgili/pulsim_phase2/build-tests/core/pulsim_core_layer2_tests" "Pulse source step charges an RC circuit exponentially"
Directory: /Users/lgili/pulsim_phase2/build-tests/core
"Pulse source step charges an RC circuit exponentially" start time: Aug 29 05:00 CST
Output:
----------------------------------------------------------
Filters: "Pulse source step charges an RC circuit exponentially"
Randomness seeded to: 1986000323
===============================================================================
All tests passed (2 assertions in 1 test case)

<end of output>
Test time =   0.01 sec
----------------------------------------------------------
Test Passed.
"Pulse source step charges an RC circuit exponentially" end time: Aug 29 05:00 CST
"Pulse source step charges an RC circuit exponentially" time elapsed: 00:00:00
----------------------------------------------------------

20/652 Testing: Buck CCM PED wall-clock within 2× of fixed-step trapezoidal
20/652 Test: Buck CCM PED wall-clock within 2× of fixed-step trapezoidal
Command: "/Users/lgili/pulsim_phase2/build-tests/core/pulsim_core_dsed_tests" "Buck CCM PED wall-clock within 2× of fixed-step trapezoidal"
Directory: /Users/lgili/pulsim_phase2/build-tests/core
"Buck CCM PED wall-clock within 2× of fixed-step trapezoidal" start time: Aug 29 05:00 CST
Output:
----------------------------------------------------------
Filters: "Buck CCM PED wall-clock within 2× of fixed-step trapezoidal"
Randomness seeded to: 1214547908
===============================================================================
All tests passed (1 assertion in 1 test case)

<end of output>
Test time =   0.01 sec
----------------------------------------------------------
Test Passed.
"Buck CCM PED wall-clock within 2× of fixed-step trapezoidal" end time: Aug 29 05:00 CST
"Buck CCM PED wall-clock within 2× of fixed-step trapezoidal" time elapsed: 00:00:00
----------------------------------------------------------

594/652 Testing: Showcase: RLC step response via YAML + V12 PulseVoltageSource
594/652 Test: Showcase: RLC step response via YAML + V12 PulseVoltageSource
Command: "/Users/lgili/pulsim_phase2/build-tests/core/pulsim_core_showcase_tests" "Showcase: RLC step response via YAML + V12 PulseVoltageSource"
Directory: /Users/lgili/pulsim_phase2/build-tests/core
"Showcase: RLC step response via YAML + V12 PulseVoltageSource" start time: Aug 29 05:00 CST
Output:
----------------------------------------------------------
Filters: "Showcase: RLC step response via YAML + V12 PulseVoltageSource"
Randomness seeded to: 3316169945
===============================================================================
All tests passed (10 assertions in 1 test case)

<end of output>
Test time =   0.01 sec
----------------------------------------------------------
Test Passed.
"Showcase: RLC step response via YAML + V12 PulseVoltageSource" end time: Aug 29 05:00 CST
"Showcase: RLC step response via YAML + V12 PulseVoltageSource" time elapsed: 00:00:00
----------------------------------------------------------

398/652 Testing: A retried run keeps the sampling grid exactly
398/652 Test: A retried run keeps the sampling grid exactly
Command: "/Users/lgili/pulsim_phase2/build-tests/core/pulsim_core_layer5_tests" "A retried run keeps the sampling grid exactly"
Directory: /Users/lgili/pulsim_phase2/build-tests/core
"A retried run keeps the sampling grid exactly" start time: Aug 29 05:00 CST
Output:
----------------------------------------------------------
Filters: "A retried run keeps the sampling grid exactly"
Randomness seeded to: 1512961786
===============================================================================
All tests passed (88 assertions in 1 test case)

<end of output>
Test time =   0.00 sec
----------------------------------------------------------
Test Passed.
"A retried run keeps the sampling grid exactly" end time: Aug 29 05:00 CST
"A retried run keeps the sampling grid exactly" time elapsed: 00:00:00
----------------------------------------------------------

596/652 Testing: Showcase: PWM chopper with realistic SH1 MOSFET
596/652 Test: Showcase: PWM chopper with realistic SH1 MOSFET
Command: "/Users/lgili/pulsim_phase2/build-tests/core/pulsim_core_showcase_tests" "Showcase: PWM chopper with realistic SH1 MOSFET"
Directory: /Users/lgili/pulsim_phase2/build-tests/core
"Showcase: PWM chopper with realistic SH1 MOSFET" start time: Aug 29 05:00 CST
Output:
----------------------------------------------------------
Filters: "Showcase: PWM chopper with realistic SH1 MOSFET"
Randomness seeded to: 3427728112
===============================================================================
All tests passed (10 assertions in 1 test case)

<end of output>
Test time =   0.01 sec
----------------------------------------------------------
Test Passed.
"Showcase: PWM chopper with realistic SH1 MOSFET" end time: Aug 29 05:00 CST
"Showcase: PWM chopper with realistic SH1 MOSFET" time elapsed: 00:00:00
----------------------------------------------------------

624/652 Testing: Recovery: the b_extra path carries an injected source
624/652 Test: Recovery: the b_extra path carries an injected source
Command: "/Users/lgili/pulsim_phase2/build-tests/core/pulsim_core_layer4_v3_tests" "Recovery: the b_extra path carries an injected source"
Directory: /Users/lgili/pulsim_phase2/build-tests/core
"Recovery: the b_extra path carries an injected source" start time: Aug 29 05:00 CST
Output:
----------------------------------------------------------
Filters: "Recovery: the b_extra path carries an injected source"
Randomness seeded to: 1709749038
===============================================================================
All tests passed (2 assertions in 1 test case)

<end of output>
Test time =   0.00 sec
----------------------------------------------------------
Test Passed.
"Recovery: the b_extra path carries an injected source" end time: Aug 29 05:00 CST
"Recovery: the b_extra path carries an injected source" time elapsed: 00:00:00
----------------------------------------------------------

29/652 Testing: PED DCM wall-clock at most reference ×5 (prototype-level Gate 3B)
29/652 Test: PED DCM wall-clock at most reference ×5 (prototype-level Gate 3B)
Command: "/Users/lgili/pulsim_phase2/build-tests/core/pulsim_core_dsed_tests" "PED DCM wall-clock at most reference ×5 (prototype-level Gate 3B)"
Directory: /Users/lgili/pulsim_phase2/build-tests/core
"PED DCM wall-clock at most reference ×5 (prototype-level Gate 3B)" start time: Aug 29 05:00 CST
Output:
----------------------------------------------------------
Filters: "PED DCM wall-clock at most reference ×5 (prototype-level Gate 3B)"
Randomness seeded to: 4020868705
===============================================================================
All tests passed (3 assertions in 1 test case)

<end of output>
Test time =   0.01 sec
----------------------------------------------------------
Test Passed.
"PED DCM wall-clock at most reference ×5 (prototype-level Gate 3B)" end time: Aug 29 05:00 CST
"PED DCM wall-clock at most reference ×5 (prototype-level Gate 3B)" time elapsed: 00:00:00
----------------------------------------------------------

116/652 Testing: make_default_solver_t<Complex>: factory returns expected backend
116/652 Test: make_default_solver_t<Complex>: factory returns expected backend
Command: "/Users/lgili/pulsim_phase2/build-tests/core/pulsim_core_layer0_tests" "make_default_solver_t<Complex>: factory returns expected backend"
Directory: /Users/lgili/pulsim_phase2/build-tests/core
"make_default_solver_t<Complex>: factory returns expected backend" start time: Aug 29 05:00 CST
Output:
----------------------------------------------------------
Filters: "make_default_solver_t<Complex>: factory returns expected backend"
Randomness seeded to: 1391254306
===============================================================================
All tests passed (6 assertions in 1 test case)

<end of output>
Test time =   0.00 sec
----------------------------------------------------------
Test Passed.
"make_default_solver_t<Complex>: factory returns expected backend" end time: Aug 29 05:00 CST
"make_default_solver_t<Complex>: factory returns expected backend" time elapsed: 00:00:00
----------------------------------------------------------

210/652 Testing: PWM duty=0.25 → mean output = V_high · 0.25
210/652 Test: PWM duty=0.25 → mean output = V_high · 0.25
Command: "/Users/lgili/pulsim_phase2/build-tests/core/pulsim_core_layer2_tests" "PWM duty=0.25 → mean output = V_high · 0.25"
Directory: /Users/lgili/pulsim_phase2/build-tests/core
"PWM duty=0.25 → mean output = V_high · 0.25" start time: Aug 29 05:00 CST
Output:
----------------------------------------------------------
Filters: "PWM duty=0.25 → mean output = V_high · 0.25"
Randomness seeded to: 1678422190
===============================================================================
All tests passed (1 assertion in 1 test case)

<end of output>
Test time =   0.01 sec
----------------------------------------------------------
Test Passed.
"PWM duty=0.25 → mean output = V_high · 0.25" end time: Aug 29 05:00 CST
"PWM duty=0.25 → mean output = V_high · 0.25" time elapsed: 00:00:00
----------------------------------------------------------

276/652 Testing: make_dead_time_pwm_pair_fn — average HS time = duty - dt/T
276/652 Test: make_dead_time_pwm_pair_fn — average HS time = duty - dt/T
Command: "/Users/lgili/pulsim_phase2/build-tests/core/pulsim_core_sources_tests" "make_dead_time_pwm_pair_fn — average HS time = duty - dt/T"
Directory: /Users/lgili/pulsim_phase2/build-tests/core
"make_dead_time_pwm_pair_fn — average HS time = duty - dt/T" start time: Aug 29 05:00 CST
Output:
----------------------------------------------------------
Filters: "make_dead_time_pwm_pair_fn — average HS time = duty - dt/T"
Randomness seeded to: 1458221310
===============================================================================
All tests passed (3 assertions in 1 test case)

<end of output>
Test time =   0.00 sec
----------------------------------------------------------
Test Passed.
"make_dead_time_pwm_pair_fn — average HS time = duty - dt/T" end time: Aug 29 05:00 CST
"make_dead_time_pwm_pair_fn — average HS time = duty - dt/T" time elapsed: 00:00:00
----------------------------------------------------------

165/652 Testing: Multiplication uses the product rule
165/652 Test: Multiplication uses the product rule
Command: "/Users/lgili/pulsim_phase2/build-tests/core/pulsim_core_layer2_tests" "Multiplication uses the product rule"
Directory: /Users/lgili/pulsim_phase2/build-tests/core
"Multiplication uses the product rule" start time: Aug 29 05:00 CST
Output:
----------------------------------------------------------
Filters: "Multiplication uses the product rule"
Randomness seeded to: 2228531271
===============================================================================
All tests passed (3 assertions in 1 test case)

<end of output>
Test time =   0.00 sec
----------------------------------------------------------
Test Passed.
"Multiplication uses the product rule" end time: Aug 29 05:00 CST
"Multiplication uses the product rule" time elapsed: 00:00:00
----------------------------------------------------------

337/652 Testing: Switch in ON state stamps g_on
337/652 Test: Switch in ON state stamps g_on
Command: "/Users/lgili/pulsim_phase2/build-tests/core/pulsim_core_layer4_tests" "Switch in ON state stamps g_on"
Directory: /Users/lgili/pulsim_phase2/build-tests/core
"Switch in ON state stamps g_on" start time: Aug 29 05:00 CST
Output:
----------------------------------------------------------
Filters: "Switch in ON state stamps g_on"
Randomness seeded to: 1409846548
===============================================================================
All tests passed (1 assertion in 1 test case)

<end of output>
Test time =   0.00 sec
----------------------------------------------------------
Test Passed.
"Switch in ON state stamps g_on" end time: Aug 29 05:00 CST
"Switch in ON state stamps g_on" time elapsed: 00:00:00
----------------------------------------------------------

401/652 Testing: Exhausting the ladder says so, with the sub-dt it reached
401/652 Test: Exhausting the ladder says so, with the sub-dt it reached
Command: "/Users/lgili/pulsim_phase2/build-tests/core/pulsim_core_layer5_tests" "Exhausting the ladder says so\, with the sub-dt it reached"
Directory: /Users/lgili/pulsim_phase2/build-tests/core
"Exhausting the ladder says so, with the sub-dt it reached" start time: Aug 29 05:00 CST
Output:
----------------------------------------------------------
Filters: "Exhausting the ladder says so\, with the sub-dt it reached"
Randomness seeded to: 882765651
===============================================================================
All tests passed (3 assertions in 1 test case)

<end of output>
Test time =   0.00 sec
----------------------------------------------------------
Test Passed.
"Exhausting the ladder says so, with the sub-dt it reached" end time: Aug 29 05:00 CST
"Exhausting the ladder says so, with the sub-dt it reached" time elapsed: 00:00:00
----------------------------------------------------------

217/652 Testing: Sine source drives a resistor — node tracks sine
217/652 Test: Sine source drives a resistor — node tracks sine
Command: "/Users/lgili/pulsim_phase2/build-tests/core/pulsim_core_layer2_tests" "Sine source drives a resistor — node tracks sine"
Directory: /Users/lgili/pulsim_phase2/build-tests/core
"Sine source drives a resistor — node tracks sine" start time: Aug 29 05:00 CST
Output:
----------------------------------------------------------
Filters: "Sine source drives a resistor — node tracks sine"
Randomness seeded to: 2041069318
===============================================================================
All tests passed (2 assertions in 1 test case)

<end of output>
Test time =   0.01 sec
----------------------------------------------------------
Test Passed.
"Sine source drives a resistor — node tracks sine" end time: Aug 29 05:00 CST
"Sine source drives a resistor — node tracks sine" time elapsed: 00:00:00
----------------------------------------------------------

474/652 Testing: run_transient under a tiny segment budget matches unbounded
474/652 Test: run_transient under a tiny segment budget matches unbounded
Command: "/Users/lgili/pulsim_phase2/build-tests/core/pulsim_core_layer4_v1_tests" "run_transient under a tiny segment budget matches unbounded"
Directory: /Users/lgili/pulsim_phase2/build-tests/core
"run_transient under a tiny segment budget matches unbounded" start time: Aug 29 05:00 CST
Output:
----------------------------------------------------------
Filters: "run_transient under a tiny segment budget matches unbounded"
Randomness seeded to: 1194945179
===============================================================================
All tests passed (606 assertions in 1 test case)

<end of output>
Test time =   0.00 sec
----------------------------------------------------------
Test Passed.
"run_transient under a tiny segment budget matches unbounded" end time: Aug 29 05:00 CST
"run_transient under a tiny segment budget matches unbounded" time elapsed: 00:00:00
----------------------------------------------------------

531/652 Testing: Half-wave rectifier: mean output power matches analytical
531/652 Test: Half-wave rectifier: mean output power matches analytical
Command: "/Users/lgili/pulsim_phase2/build-tests/core/pulsim_core_layer5_v2_tests" "Half-wave rectifier: mean output power matches analytical"
Directory: /Users/lgili/pulsim_phase2/build-tests/core
"Half-wave rectifier: mean output power matches analytical" start time: Aug 29 05:00 CST
Output:
----------------------------------------------------------
Filters: "Half-wave rectifier: mean output power matches analytical"
Randomness seeded to: 1310872000
===============================================================================
All tests passed (1 assertion in 1 test case)

<end of output>
Test time =   0.00 sec
----------------------------------------------------------
Test Passed.
"Half-wave rectifier: mean output power matches analytical" end time: Aug 29 05:00 CST
"Half-wave rectifier: mean output power matches analytical" time elapsed: 00:00:00
----------------------------------------------------------

34/652 Testing: BDF2 at h>>stability limit matches DOPRI5 ground truth ≤0.5% V_in
34/652 Test: BDF2 at h>>stability limit matches DOPRI5 ground truth ≤0.5% V_in
Command: "/Users/lgili/pulsim_phase2/build-tests/core/pulsim_core_dsed_tests" "BDF2 at h>>stability limit matches DOPRI5 ground truth ≤0.5% V_in"
Directory: /Users/lgili/pulsim_phase2/build-tests/core
"BDF2 at h>>stability limit matches DOPRI5 ground truth ≤0.5% V_in" start time: Aug 29 05:00 CST
Output:
----------------------------------------------------------
Filters: "BDF2 at h>>stability limit matches DOPRI5 ground truth ≤0.5% V_in"
Randomness seeded to: 3374467543
===============================================================================
All tests passed (2 assertions in 1 test case)

<end of output>
Test time =   0.01 sec
----------------------------------------------------------
Test Passed.
"BDF2 at h>>stability limit matches DOPRI5 ground truth ≤0.5% V_in" end time: Aug 29 05:00 CST
"BDF2 at h>>stability limit matches DOPRI5 ground truth ≤0.5% V_in" time elapsed: 00:00:00
----------------------------------------------------------

637/652 Testing: Line search OFF reproduces Layer 4 V3 (plain Newton)
637/652 Test: Line search OFF reproduces Layer 4 V3 (plain Newton)
Command: "/Users/lgili/pulsim_phase2/build-tests/core/pulsim_core_layer5_v4_tests" "Line search OFF reproduces Layer 4 V3 (plain Newton)"
Directory: /Users/lgili/pulsim_phase2/build-tests/core
"Line search OFF reproduces Layer 4 V3 (plain Newton)" start time: Aug 29 05:00 CST
Output:
----------------------------------------------------------
Filters: "Line search OFF reproduces Layer 4 V3 (plain Newton)"
Randomness seeded to: 3723107713
===============================================================================
All tests passed (4 assertions in 1 test case)

<end of output>
Test time =   0.00 sec
----------------------------------------------------------
Test Passed.
"Line search OFF reproduces Layer 4 V3 (plain Newton)" end time: Aug 29 05:00 CST
"Line search OFF reproduces Layer 4 V3 (plain Newton)" time elapsed: 00:00:00
----------------------------------------------------------

571/652 Testing: YAML loader: resistor round-trip (R in ohms → G = 1/R)
571/652 Test: YAML loader: resistor round-trip (R in ohms → G = 1/R)
[...]
"MosfetLevel1 — cutoff: I_D ≈ 0 when V_GS << V_T" start time: Aug 29 05:00 CST
Output:
----------------------------------------------------------
Filters: "MosfetLevel1 — cutoff: I_D ≈ 0 when V_GS << V_T"
Randomness seeded to: 3596551608
===============================================================================
All tests passed (2 assertions in 1 test case)

<end of output>
Test time =   0.00 sec
----------------------------------------------------------
Test Passed.
"MosfetLevel1 — cutoff: I_D ≈ 0 when V_GS << V_T" end time: Aug 29 05:00 CST
"MosfetLevel1 — cutoff: I_D ≈ 0 when V_GS << V_T" time elapsed: 00:00:00
----------------------------------------------------------

61/652 Testing: Fixed-size dense aliases compile and match Eigen layout
61/652 Test: Fixed-size dense aliases compile and match Eigen layout
Command: "/Users/lgili/pulsim_phase2/build-tests/core/pulsim_core_layer0_tests" "Fixed-size dense aliases compile and match Eigen layout"
Directory: /Users/lgili/pulsim_phase2/build-tests/core
"Fixed-size dense aliases compile and match Eigen layout" start time: Aug 29 05:00 CST
Output:
----------------------------------------------------------
Filters: "Fixed-size dense aliases compile and match Eigen layout"
Randomness seeded to: 3078574945
===============================================================================
All tests passed (5 assertions in 1 test case)

<end of output>
Test time =   0.00 sec
----------------------------------------------------------
Test Passed.
"Fixed-size dense aliases compile and match Eigen layout" end time: Aug 29 05:00 CST
"Fixed-size dense aliases compile and match Eigen layout" time elapsed: 00:00:00
----------------------------------------------------------

523/652 Testing: DiodeEventState: no diodes → empty tracker
523/652 Test: DiodeEventState: no diodes → empty tracker
Command: "/Users/lgili/pulsim_phase2/build-tests/core/pulsim_core_layer5_v2_tests" "DiodeEventState: no diodes → empty tracker"
Directory: /Users/lgili/pulsim_phase2/build-tests/core
"DiodeEventState: no diodes → empty tracker" start time: Aug 29 05:00 CST
Output:
----------------------------------------------------------
Filters: "DiodeEventState: no diodes → empty tracker"
Randomness seeded to: 1063203986
===============================================================================
All tests passed (3 assertions in 1 test case)

<end of output>
Test time =   0.00 sec
----------------------------------------------------------
Test Passed.
"DiodeEventState: no diodes → empty tracker" end time: Aug 29 05:00 CST
"DiodeEventState: no diodes → empty tracker" time elapsed: 00:00:00
----------------------------------------------------------

317/652 Testing: Voltage source to ground — only active-node entries stamped
317/652 Test: Voltage source to ground — only active-node entries stamped
Command: "/Users/lgili/pulsim_phase2/build-tests/core/pulsim_core_layer3_tests" "Voltage source to ground — only active-node entries stamped"
Directory: /Users/lgili/pulsim_phase2/build-tests/core
"Voltage source to ground — only active-node entries stamped" start time: Aug 29 05:00 CST
Output:
----------------------------------------------------------
Filters: "Voltage source to ground — only active-node entries stamped"
Randomness seeded to: 2652507798
===============================================================================
All tests passed (5 assertions in 1 test case)

<end of output>
Test time =   0.00 sec
----------------------------------------------------------
Test Passed.
"Voltage source to ground — only active-node entries stamped" end time: Aug 29 05:00 CST
"Voltage source to ground — only active-node entries stamped" time elapsed: 00:00:00
----------------------------------------------------------

297/652 Testing: make_phase_shift_full_bridge_fn — only the 4 bridge bits toggle
297/652 Test: make_phase_shift_full_bridge_fn — only the 4 bridge bits toggle
Command: "/Users/lgili/pulsim_phase2/build-tests/core/pulsim_core_sources_tests" "make_phase_shift_full_bridge_fn — only the 4 bridge bits toggle"
Directory: /Users/lgili/pulsim_phase2/build-tests/core
"make_phase_shift_full_bridge_fn — only the 4 bridge bits toggle" start time: Aug 29 05:00 CST
Output:
----------------------------------------------------------
Filters: "make_phase_shift_full_bridge_fn — only the 4 bridge bits toggle"
Randomness seeded to: 2663306445
===============================================================================
All tests passed (600 assertions in 1 test case)

<end of output>
Test time =   0.00 sec
----------------------------------------------------------
Test Passed.
"make_phase_shift_full_bridge_fn — only the 4 bridge bits toggle" end time: Aug 29 05:00 CST
"make_phase_shift_full_bridge_fn — only the 4 bridge bits toggle" time elapsed: 00:00:00
----------------------------------------------------------

440/652 Testing: Inductor: g_eq_inv for 1 mH at 1 µs dt equals 5e-4
440/652 Test: Inductor: g_eq_inv for 1 mH at 1 µs dt equals 5e-4
Command: "/Users/lgili/pulsim_phase2/build-tests/core/pulsim_core_layer4_v1_tests" "Inductor: g_eq_inv for 1 mH at 1 µs dt equals 5e-4"
Directory: /Users/lgili/pulsim_phase2/build-tests/core
"Inductor: g_eq_inv for 1 mH at 1 µs dt equals 5e-4" start time: Aug 29 05:00 CST
Output:
----------------------------------------------------------
Filters: "Inductor: g_eq_inv for 1 mH at 1 µs dt equals 5e-4"
Randomness seeded to: 1168959818
===============================================================================
All tests passed (1 assertion in 1 test case)

<end of output>
Test time =   0.00 sec
----------------------------------------------------------
Test Passed.
"Inductor: g_eq_inv for 1 mH at 1 µs dt equals 5e-4" end time: Aug 29 05:00 CST
"Inductor: g_eq_inv for 1 mH at 1 µs dt equals 5e-4" time elapsed: 00:00:00
----------------------------------------------------------

149/652 Testing: class_members returns sorted node ids
149/652 Test: class_members returns sorted node ids
Command: "/Users/lgili/pulsim_phase2/build-tests/core/pulsim_core_layer1_tests" "class_members returns sorted node ids"
Directory: /Users/lgili/pulsim_phase2/build-tests/core
"class_members returns sorted node ids" start time: Aug 29 05:00 CST
Output:
----------------------------------------------------------
Filters: "class_members returns sorted node ids"
Randomness seeded to: 2810257347
===============================================================================
All tests passed (4 assertions in 1 test case)

<end of output>
Test time =   0.00 sec
----------------------------------------------------------
Test Passed.
"class_members returns sorted node ids" end time: Aug 29 05:00 CST
"class_members returns sorted node ids" time elapsed: 00:00:00
----------------------------------------------------------

552/652 Testing: add_mosfet adds one branch with correct conductance
552/652 Test: add_mosfet adds one branch with correct conductance
Command: "/Users/lgili/pulsim_phase2/build-tests/core/pulsim_core_builder_tests" "add_mosfet adds one branch with correct conductance"
Directory: /Users/lgili/pulsim_phase2/build-tests/core
"add_mosfet adds one branch with correct conductance" start time: Aug 29 05:00 CST
Output:
----------------------------------------------------------
Filters: "add_mosfet adds one branch with correct conductance"
Randomness seeded to: 42836800
===============================================================================
All tests passed (4 assertions in 1 test case)

<end of output>
Test time =   0.00 sec
----------------------------------------------------------
Test Passed.
"add_mosfet adds one branch with correct conductance" end time: Aug 29 05:00 CST
"add_mosfet adds one branch with correct conductance" time elapsed: 00:00:00
----------------------------------------------------------

8/652 Testing: illinois handles a near-tangent crossing without stalling
8/652 Test: illinois handles a near-tangent crossing without stalling
Command: "/Users/lgili/pulsim_phase2/build-tests/core/pulsim_core_dsed_tests" "illinois handles a near-tangent crossing without stalling"
Directory: /Users/lgili/pulsim_phase2/build-tests/core
"illinois handles a near-tangent crossing without stalling" start time: Aug 29 05:00 CST
Output:
----------------------------------------------------------
Filters: "illinois handles a near-tangent crossing without stalling"
Randomness seeded to: 2561473598
===============================================================================
All tests passed (1 assertion in 1 test case)

<end of output>
Test time =   0.00 sec
----------------------------------------------------------
Test Passed.
"illinois handles a near-tangent crossing without stalling" end time: Aug 29 05:00 CST
"illinois handles a near-tangent crossing without stalling" time elapsed: 00:00:00
----------------------------------------------------------

527/652 Testing: DiodeEventState: reverse current flips ON → OFF
527/652 Test: DiodeEventState: reverse current flips ON → OFF
Command: "/Users/lgili/pulsim_phase2/build-tests/core/pulsim_core_layer5_v2_tests" "DiodeEventState: reverse current flips ON → OFF"
Directory: /Users/lgili/pulsim_phase2/build-tests/core
"DiodeEventState: reverse current flips ON → OFF" start time: Aug 29 05:00 CST
Output:
----------------------------------------------------------
Filters: "DiodeEventState: reverse current flips ON → OFF"
Randomness seeded to: 570254160
===============================================================================
All tests passed (4 assertions in 1 test case)

<end of output>
Test time =   0.01 sec
----------------------------------------------------------
Test Passed.
"DiodeEventState: reverse current flips ON → OFF" end time: Aug 29 05:00 CST
"DiodeEventState: reverse current flips ON → OFF" time elapsed: 00:00:00
----------------------------------------------------------

148/652 Testing: Chain of closed switches merges every node into ground
148/652 Test: Chain of closed switches merges every node into ground
Command: "/Users/lgili/pulsim_phase2/build-tests/core/pulsim_core_layer1_tests" "Chain of closed switches merges every node into ground"
Directory: /Users/lgili/pulsim_phase2/build-tests/core
"Chain of closed switches merges every node into ground" start time: Aug 29 05:00 CST
Output:
----------------------------------------------------------
Filters: "Chain of closed switches merges every node into ground"
Randomness seeded to: 3393631483
===============================================================================
All tests passed (5 assertions in 1 test case)

<end of output>
Test time =   0.00 sec
----------------------------------------------------------
Test Passed.
"Chain of closed switches merges every node into ground" end time: Aug 29 05:00 CST
"Chain of closed switches merges every node into ground" time elapsed: 00:00:00
----------------------------------------------------------

425/652 Testing: run_transient: empty switch_fn throws
425/652 Test: run_transient: empty switch_fn throws
Command: "/Users/lgili/pulsim_phase2/build-tests/core/pulsim_core_layer5_tests" "run_transient: empty switch_fn throws"
Directory: /Users/lgili/pulsim_phase2/build-tests/core
"run_transient: empty switch_fn throws" start time: Aug 29 05:00 CST
Output:
----------------------------------------------------------
Filters: "run_transient: empty switch_fn throws"
Randomness seeded to: 3358449367
===============================================================================
All tests passed (2 assertions in 1 test case)

<end of output>
Test time =   0.01 sec
----------------------------------------------------------
Test Passed.
"run_transient: empty switch_fn throws" end time: Aug 29 05:00 CST
"run_transient: empty switch_fn throws" time elapsed: 00:00:00
----------------------------------------------------------

126/652 Testing: Graph::id is cached after first call
126/652 Test: Graph::id is cached after first call
Command: "/Users/lgili/pulsim_phase2/build-tests/core/pulsim_core_layer1_tests" "Graph::id is cached after first call"
Directory: /Users/lgili/pulsim_phase2/build-tests/core
"Graph::id is cached after first call" start time: Aug 29 05:00 CST
Output:
----------------------------------------------------------
Filters: "Graph::id is cached after first call"
Randomness seeded to: 3659208438
===============================================================================
All tests passed (1 assertion in 1 test case)

<end of output>
Test time =   0.00 sec
----------------------------------------------------------
Test Passed.
"Graph::id is cached after first call" end time: Aug 29 05:00 CST
"Graph::id is cached after first call" time elapsed: 00:00:00
----------------------------------------------------------

125/652 Testing: Graph::id differs for graphs with different structure
125/652 Test: Graph::id differs for graphs with different structure
Command: "/Users/lgili/pulsim_phase2/build-tests/core/pulsim_core_layer1_tests" "Graph::id differs for graphs with different structure"
Directory: /Users/lgili/pulsim_phase2/build-tests/core
"Graph::id differs for graphs with different structure" start time: Aug 29 05:00 CST
Output:
----------------------------------------------------------
Filters: "Graph::id differs for graphs with different structure"
Randomness seeded to: 1225877512
===============================================================================
All tests passed (1 assertion in 1 test case)

<end of output>
Test time =   0.00 sec
----------------------------------------------------------
Test Passed.
"Graph::id differs for graphs with different structure" end time: Aug 29 05:00 CST
"Graph::id differs for graphs with different structure" time elapsed: 00:00:00
----------------------------------------------------------

598/652 Testing: Showcase: real boost converter with SH1 MOSFET + ramped gate
598/652 Test: Showcase: real boost converter with SH1 MOSFET + ramped gate
Command: "/Users/lgili/pulsim_phase2/build-tests/core/pulsim_core_showcase_tests" "Showcase: real boost converter with SH1 MOSFET + ramped gate"
Directory: /Users/lgili/pulsim_phase2/build-tests/core
"Showcase: real boost converter with SH1 MOSFET + ramped gate" start time: Aug 29 05:00 CST
Output:
----------------------------------------------------------
Filters: "Showcase: real boost converter with SH1 MOSFET + ramped gate"
Randomness seeded to: 2626784121
===============================================================================
All tests passed (7 assertions in 1 test case)

<end of output>
Test time =   0.81 sec
----------------------------------------------------------
Test Passed.
"Showcase: real boost converter with SH1 MOSFET + ramped gate" end time: Aug 29 05:00 CST
"Showcase: real boost converter with SH1 MOSFET + ramped gate" time elapsed: 00:00:00
----------------------------------------------------------

300/652 Testing: make_combined_switch_fn — empty list → all OFF
300/652 Test: make_combined_switch_fn — empty list → all OFF
Command: "/Users/lgili/pulsim_phase2/build-tests/core/pulsim_core_sources_tests" "make_combined_switch_fn — empty list → all OFF"
Directory: /Users/lgili/pulsim_phase2/build-tests/core
"make_combined_switch_fn — empty list → all OFF" start time: Aug 29 05:00 CST
Output:
----------------------------------------------------------
Filters: "make_combined_switch_fn — empty list → all OFF"
Randomness seeded to: 714765791
===============================================================================
All tests passed (6 assertions in 1 test case)

<end of output>
Test time =   0.01 sec
----------------------------------------------------------
Test Passed.
"make_combined_switch_fn — empty list → all OFF" end time: Aug 29 05:00 CST
"make_combined_switch_fn — empty list → all OFF" time elapsed: 00:00:00
----------------------------------------------------------

156/652 Testing: Strong IDs support ground sentinel
156/652 Test: Strong IDs support ground sentinel
Command: "/Users/lgili/pulsim_phase2/build-tests/core/pulsim_core_layer1_tests" "Strong IDs support ground sentinel"
Directory: /Users/lgili/pulsim_phase2/build-tests/core
"Strong IDs support ground sentinel" start time: Aug 29 05:00 CST
Output:
----------------------------------------------------------
Filters: "Strong IDs support ground sentinel"
Randomness seeded to: 962654255
===============================================================================
All tests passed (2 assertions in 1 test case)

<end of output>
Test time =   0.00 sec
----------------------------------------------------------
Test Passed.
"Strong IDs support ground sentinel" end time: Aug 29 05:00 CST
"Strong IDs support ground sentinel" time elapsed: 00:00:00
----------------------------------------------------------

45/652 Testing: Exact: sine-driven RC steps to the analytic response
45/652 Test: Exact: sine-driven RC steps to the analytic response
Command: "/Users/lgili/pulsim_phase2/build-tests/core/pulsim_core_dsed_tests" "Exact: sine-driven RC steps to the analytic response"
Directory: /Users/lgili/pulsim_phase2/build-tests/core
"Exact: sine-driven RC steps to the analytic response" start time: Aug 29 05:00 CST
Output:
----------------------------------------------------------
Filters: "Exact: sine-driven RC steps to the analytic response"
Randomness seeded to: 85192351
===============================================================================
All tests passed (3 assertions in 1 test case)

<end of output>
Test time =   0.00 sec
----------------------------------------------------------
Test Passed.
"Exact: sine-driven RC steps to the analytic response" end time: Aug 29 05:00 CST
"Exact: sine-driven RC steps to the analytic response" time elapsed: 00:00:00
----------------------------------------------------------

46/652 Testing: Exact: PWM or pulse sources decline the exact path
46/652 Test: Exact: PWM or pulse sources decline the exact path
Command: "/Users/lgili/pulsim_phase2/build-tests/core/pulsim_core_dsed_tests" "Exact: PWM or pulse sources decline the exact path"
Directory: /Users/lgili/pulsim_phase2/build-tests/core
"Exact: PWM or pulse sources decline the exact path" start time: Aug 29 05:00 CST
Output:
----------------------------------------------------------
Filters: "Exact: PWM or pulse sources decline the exact path"
Randomness seeded to: 2615191863
===============================================================================
All tests passed (1 assertion in 1 test case)

<end of output>
Test time =   0.00 sec
----------------------------------------------------------
Test Passed.
"Exact: PWM or pulse sources decline the exact path" end time: Aug 29 05:00 CST
"Exact: PWM or pulse sources decline the exact path" time elapsed: 00:00:00
----------------------------------------------------------

600/652 Testing: Showcase: boost converter with saturable inductor
600/652 Test: Showcase: boost converter with saturable inductor
Command: "/Users/lgili/pulsim_phase2/build-tests/core/pulsim_core_showcase_tests" "Showcase: boost converter with saturable inductor"
Directory: /Users/lgili/pulsim_phase2/build-tests/core
"Showcase: boost converter with saturable inductor" start time: Aug 29 05:00 CST
Output:
----------------------------------------------------------
Filters: "Showcase: boost converter with saturable inductor"
Randomness seeded to: 2630122222
===============================================================================
All tests passed (7 assertions in 1 test case)

<end of output>
Test time =   1.04 sec
----------------------------------------------------------
Test Passed.
"Showcase: boost converter with saturable inductor" end time: Aug 29 05:00 CST
"Showcase: boost converter with saturable inductor" time elapsed: 00:00:01
----------------------------------------------------------

End testing: Aug 29 05:00 CST
