Start testing: Aug 24 00:29 -03
----------------------------------------------------------
205/634 Testing: Sine source through RC — first-order low-pass response
205/634 Test: Sine source through RC — first-order low-pass response
Command: "/Users/lgili/pulsim_phase2/build-tests/core/pulsim_core_layer2_tests" "Sine source through RC — first-order low-pass response"
Directory: /Users/lgili/pulsim_phase2/build-tests/core
"Sine source through RC — first-order low-pass response" start time: Aug 24 00:29 -03
Output:
----------------------------------------------------------
Filters: "Sine source through RC — first-order low-pass response"
Randomness seeded to: 4257957340
===============================================================================
All tests passed (2 assertions in 1 test case)

<end of output>
Test time =   0.05 sec
----------------------------------------------------------
Test Passed.
"Sine source through RC — first-order low-pass response" end time: Aug 24 00:29 -03
"Sine source through RC — first-order low-pass response" time elapsed: 00:00:00
----------------------------------------------------------

286/634 Testing: make_phase_shift_full_bridge_fn — series-L load at φ=π/2 transfers power
286/634 Test: make_phase_shift_full_bridge_fn — series-L load at φ=π/2 transfers power
Command: "/Users/lgili/pulsim_phase2/build-tests/core/pulsim_core_sources_tests" "make_phase_shift_full_bridge_fn — series-L load at φ=π/2 transfers power"
Directory: /Users/lgili/pulsim_phase2/build-tests/core
"make_phase_shift_full_bridge_fn — series-L load at φ=π/2 transfers power" start time: Aug 24 00:29 -03
Output:
----------------------------------------------------------
Filters: "make_phase_shift_full_bridge_fn — series-L load at φ=π/2 transfers power"
Randomness seeded to: 1791007175
===============================================================================
All tests passed (7 assertions in 1 test case)

<end of output>
Test time =   0.07 sec
----------------------------------------------------------
Test Passed.
"make_phase_shift_full_bridge_fn — series-L load at φ=π/2 transfers power" end time: Aug 24 00:29 -03
"make_phase_shift_full_bridge_fn — series-L load at φ=π/2 transfers power" time elapsed: 00:00:00
----------------------------------------------------------

238/634 Testing: SaturableInductor — transient: current settles at resistive limit
238/634 Test: SaturableInductor — transient: current settles at resistive limit
Command: "/Users/lgili/pulsim_phase2/build-tests/core/pulsim_core_layer2_tests" "SaturableInductor — transient: current settles at resistive limit"
Directory: /Users/lgili/pulsim_phase2/build-tests/core
"SaturableInductor — transient: current settles at resistive limit" start time: Aug 24 00:29 -03
Output:
----------------------------------------------------------
Filters: "SaturableInductor — transient: current settles at resistive limit"
Randomness seeded to: 977952024
===============================================================================
All tests passed (3 assertions in 1 test case)

<end of output>
Test time =   0.03 sec
----------------------------------------------------------
Test Passed.
"SaturableInductor — transient: current settles at resistive limit" end time: Aug 24 00:29 -03
"SaturableInductor — transient: current settles at resistive limit" time elapsed: 00:00:00
----------------------------------------------------------

577/634 Testing: SMPS showcase: open-loop flyback via YAML + make_pwm_switch_fn
577/634 Test: SMPS showcase: open-loop flyback via YAML + make_pwm_switch_fn
Command: "/Users/lgili/pulsim_phase2/build-tests/core/pulsim_core_showcase_tests" "SMPS showcase: open-loop flyback via YAML + make_pwm_switch_fn"
Directory: /Users/lgili/pulsim_phase2/build-tests/core
"SMPS showcase: open-loop flyback via YAML + make_pwm_switch_fn" start time: Aug 24 00:29 -03
Output:
----------------------------------------------------------
Filters: "SMPS showcase: open-loop flyback via YAML + make_pwm_switch_fn"
Randomness seeded to: 1128546491
===============================================================================
All tests passed (8 assertions in 1 test case)

<end of output>
Test time =   0.08 sec
----------------------------------------------------------
Test Passed.
"SMPS showcase: open-loop flyback via YAML + make_pwm_switch_fn" end time: Aug 24 00:29 -03
"SMPS showcase: open-loop flyback via YAML + make_pwm_switch_fn" time elapsed: 00:00:00
----------------------------------------------------------

579/634 Testing: SMPS showcase: ZVS phase-shift full-bridge via YAML + V9
579/634 Test: SMPS showcase: ZVS phase-shift full-bridge via YAML + V9
Command: "/Users/lgili/pulsim_phase2/build-tests/core/pulsim_core_showcase_tests" "SMPS showcase: ZVS phase-shift full-bridge via YAML + V9"
Directory: /Users/lgili/pulsim_phase2/build-tests/core
"SMPS showcase: ZVS phase-shift full-bridge via YAML + V9" start time: Aug 24 00:29 -03
Output:
----------------------------------------------------------
Filters: "SMPS showcase: ZVS phase-shift full-bridge via YAML + V9"
Randomness seeded to: 318607952
===============================================================================
All tests passed (11 assertions in 1 test case)

<end of output>
Test time =   0.09 sec
----------------------------------------------------------
Test Passed.
"SMPS showcase: ZVS phase-shift full-bridge via YAML + V9" end time: Aug 24 00:29 -03
"SMPS showcase: ZVS phase-shift full-bridge via YAML + V9" time elapsed: 00:00:00
----------------------------------------------------------

117/634 Testing: Equality requires same size AND same bits
117/634 Test: Equality requires same size AND same bits
Command: "/Users/lgili/pulsim_phase2/build-tests/core/pulsim_core_layer1_tests" "Equality requires same size AND same bits"
Directory: /Users/lgili/pulsim_phase2/build-tests/core
"Equality requires same size AND same bits" start time: Aug 24 00:29 -03
Output:
----------------------------------------------------------
Filters: "Equality requires same size AND same bits"
Randomness seeded to: 429685103
===============================================================================
All tests passed (5 assertions in 1 test case)

<end of output>
Test time =   0.01 sec
----------------------------------------------------------
Test Passed.
"Equality requires same size AND same bits" end time: Aug 24 00:29 -03
"Equality requires same size AND same bits" time elapsed: 00:00:00
----------------------------------------------------------

118/634 Testing: Equal masks hash to the same value
118/634 Test: Equal masks hash to the same value
Command: "/Users/lgili/pulsim_phase2/build-tests/core/pulsim_core_layer1_tests" "Equal masks hash to the same value"
Directory: /Users/lgili/pulsim_phase2/build-tests/core
"Equal masks hash to the same value" start time: Aug 24 00:29 -03
Output:
----------------------------------------------------------
Filters: "Equal masks hash to the same value"
Randomness seeded to: 1576409680
===============================================================================
All tests passed (2 assertions in 1 test case)

<end of output>
Test time =   0.00 sec
----------------------------------------------------------
Test Passed.
"Equal masks hash to the same value" end time: Aug 24 00:29 -03
"Equal masks hash to the same value" time elapsed: 00:00:00
----------------------------------------------------------

121/634 Testing: Dynamic width: masks beyond 64 switches (Phase 1)
121/634 Test: Dynamic width: masks beyond 64 switches (Phase 1)
Command: "/Users/lgili/pulsim_phase2/build-tests/core/pulsim_core_layer1_tests" "Dynamic width: masks beyond 64 switches (Phase 1)"
Directory: /Users/lgili/pulsim_phase2/build-tests/core
"Dynamic width: masks beyond 64 switches (Phase 1)" start time: Aug 24 00:29 -03
Output:
----------------------------------------------------------
Filters: "Dynamic width: masks beyond 64 switches (Phase 1)"
Randomness seeded to: 3441634019
===============================================================================
All tests passed (26 assertions in 1 test case)

<end of output>
Test time =   0.00 sec
----------------------------------------------------------
Test Passed.
"Dynamic width: masks beyond 64 switches (Phase 1)" end time: Aug 24 00:29 -03
"Dynamic width: masks beyond 64 switches (Phase 1)" time elapsed: 00:00:00
----------------------------------------------------------

42/634 Testing: PEDSimulatorAuto matches DOPRI5 ground truth within envelope
42/634 Test: PEDSimulatorAuto matches DOPRI5 ground truth within envelope
Command: "/Users/lgili/pulsim_phase2/build-tests/core/pulsim_core_dsed_tests" "PEDSimulatorAuto matches DOPRI5 ground truth within envelope"
Directory: /Users/lgili/pulsim_phase2/build-tests/core
"PEDSimulatorAuto matches DOPRI5 ground truth within envelope" start time: Aug 24 00:29 -03
Output:
----------------------------------------------------------
Filters: "PEDSimulatorAuto matches DOPRI5 ground truth within envelope"
Randomness seeded to: 1488178670
===============================================================================
All tests passed (2 assertions in 1 test case)

<end of output>
Test time =   0.03 sec
----------------------------------------------------------
Test Passed.
"PEDSimulatorAuto matches DOPRI5 ground truth within envelope" end time: Aug 24 00:29 -03
"PEDSimulatorAuto matches DOPRI5 ground truth within envelope" time elapsed: 00:00:00
----------------------------------------------------------

115/634 Testing: set / get round-trips bits in any order
115/634 Test: set / get round-trips bits in any order
Command: "/Users/lgili/pulsim_phase2/build-tests/core/pulsim_core_layer1_tests" "set / get round-trips bits in any order"
Directory: /Users/lgili/pulsim_phase2/build-tests/core
"set / get round-trips bits in any order" start time: Aug 24 00:29 -03
Output:
----------------------------------------------------------
Filters: "set / get round-trips bits in any order"
Randomness seeded to: 3329879211
===============================================================================
All tests passed (8 assertions in 1 test case)

<end of output>
Test time =   0.00 sec
----------------------------------------------------------
Test Passed.
"set / get round-trips bits in any order" end time: Aug 24 00:29 -03
"set / get round-trips bits in any order" time elapsed: 00:00:00
----------------------------------------------------------

122/634 Testing: Usable as unordered_map key
122/634 Test: Usable as unordered_map key
Command: "/Users/lgili/pulsim_phase2/build-tests/core/pulsim_core_layer1_tests" "Usable as unordered_map key"
Directory: /Users/lgili/pulsim_phase2/build-tests/core
"Usable as unordered_map key" start time: Aug 24 00:29 -03
Output:
----------------------------------------------------------
Filters: "Usable as unordered_map key"
Randomness seeded to: 1708061183
===============================================================================
All tests passed (2 assertions in 1 test case)

<end of output>
Test time =   0.00 sec
----------------------------------------------------------
Test Passed.
"Usable as unordered_map key" end time: Aug 24 00:29 -03
"Usable as unordered_map key" time elapsed: 00:00:00
----------------------------------------------------------

119/634 Testing: Different-size masks with same bits hash differently
119/634 Test: Different-size masks with same bits hash differently
Command: "/Users/lgili/pulsim_phase2/build-tests/core/pulsim_core_layer1_tests" "Different-size masks with same bits hash differently"
Directory: /Users/lgili/pulsim_phase2/build-tests/core
"Different-size masks with same bits hash differently" start time: Aug 24 00:29 -03
Output:
----------------------------------------------------------
Filters: "Different-size masks with same bits hash differently"
Randomness seeded to: 1713132845
===============================================================================
All tests passed (1 assertion in 1 test case)

<end of output>
Test time =   0.00 sec
----------------------------------------------------------
Test Passed.
"Different-size masks with same bits hash differently" end time: Aug 24 00:29 -03
"Different-size masks with same bits hash differently" time elapsed: 00:00:00
----------------------------------------------------------

116/634 Testing: flip toggles the addressed bit
116/634 Test: flip toggles the addressed bit
Command: "/Users/lgili/pulsim_phase2/build-tests/core/pulsim_core_layer1_tests" "flip toggles the addressed bit"
Directory: /Users/lgili/pulsim_phase2/build-tests/core
"flip toggles the addressed bit" start time: Aug 24 00:29 -03
Output:
----------------------------------------------------------
Filters: "flip toggles the addressed bit"
Randomness seeded to: 1864447675
===============================================================================
All tests passed (3 assertions in 1 test case)

<end of output>
Test time =   0.00 sec
----------------------------------------------------------
Test Passed.
"flip toggles the addressed bit" end time: Aug 24 00:29 -03
"flip toggles the addressed bit" time elapsed: 00:00:00
----------------------------------------------------------

120/634 Testing: operator< yields a stable total order usable by std::set
120/634 Test: operator< yields a stable total order usable by std::set
Command: "/Users/lgili/pulsim_phase2/build-tests/core/pulsim_core_layer1_tests" "operator< yields a stable total order usable by std::set"
Directory: /Users/lgili/pulsim_phase2/build-tests/core
"operator< yields a stable total order usable by std::set" start time: Aug 24 00:29 -03
Output:
----------------------------------------------------------
Filters: "operator< yields a stable total order usable by std::set"
Randomness seeded to: 3922742924
===============================================================================
All tests passed (1 assertion in 1 test case)

<end of output>
Test time =   0.00 sec
----------------------------------------------------------
Test Passed.
"operator< yields a stable total order usable by std::set" end time: Aug 24 00:29 -03
"operator< yields a stable total order usable by std::set" time elapsed: 00:00:00
----------------------------------------------------------

387/634 Testing: A run that needs no retry pays nothing and records none
387/634 Test: A run that needs no retry pays nothing and records none
Command: "/Users/lgili/pulsim_phase2/build-tests/core/pulsim_core_layer5_tests" "A run that needs no retry pays nothing and records none"
Directory: /Users/lgili/pulsim_phase2/build-tests/core
"A run that needs no retry pays nothing and records none" start time: Aug 24 00:29 -03
Output:
----------------------------------------------------------
Filters: "A run that needs no retry pays nothing and records none"
Randomness seeded to: 2700869161
===============================================================================
All tests passed (5105 assertions in 1 test case)

<end of output>
Test time =   0.02 sec
----------------------------------------------------------
Test Passed.
"A run that needs no retry pays nothing and records none" end time: Aug 24 00:29 -03
"A run that needs no retry pays nothing and records none" time elapsed: 00:00:00
----------------------------------------------------------

278/634 Testing: make_three_phase_spwm_fn — VSI line-to-line peak ≈ V_bus·M·√3/2
278/634 Test: make_three_phase_spwm_fn — VSI line-to-line peak ≈ V_bus·M·√3/2
Command: "/Users/lgili/pulsim_phase2/build-tests/core/pulsim_core_sources_tests" "make_three_phase_spwm_fn — VSI line-to-line peak ≈ V_bus·M·√3/2"
Directory: /Users/lgili/pulsim_phase2/build-tests/core
"make_three_phase_spwm_fn — VSI line-to-line peak ≈ V_bus·M·√3/2" start time: Aug 24 00:29 -03
Output:
----------------------------------------------------------
Filters: "make_three_phase_spwm_fn — VSI line-to-line peak ≈ V_bus·M·√3/2"
Randomness seeded to: 105216458
===============================================================================
All tests passed (10 assertions in 1 test case)

<end of output>
Test time =   0.03 sec
----------------------------------------------------------
Test Passed.
"make_three_phase_spwm_fn — VSI line-to-line peak ≈ V_bus·M·√3/2" end time: Aug 24 00:29 -03
"make_three_phase_spwm_fn — VSI line-to-line peak ≈ V_bus·M·√3/2" time elapsed: 00:00:00
----------------------------------------------------------

578/634 Testing: SMPS showcase: 3-phase VSI via YAML + make_three_phase_spwm_fn
578/634 Test: SMPS showcase: 3-phase VSI via YAML + make_three_phase_spwm_fn
Command: "/Users/lgili/pulsim_phase2/build-tests/core/pulsim_core_showcase_tests" "SMPS showcase: 3-phase VSI via YAML + make_three_phase_spwm_fn"
Directory: /Users/lgili/pulsim_phase2/build-tests/core
"SMPS showcase: 3-phase VSI via YAML + make_three_phase_spwm_fn" start time: Aug 24 00:29 -03
Output:
----------------------------------------------------------
Filters: "SMPS showcase: 3-phase VSI via YAML + make_three_phase_spwm_fn"
Randomness seeded to: 3443230381
===============================================================================
All tests passed (14 assertions in 1 test case)

<end of output>
Test time =   0.12 sec
----------------------------------------------------------
Test Passed.
"SMPS showcase: 3-phase VSI via YAML + make_three_phase_spwm_fn" end time: Aug 24 00:29 -03
"SMPS showcase: 3-phase VSI via YAML + make_three_phase_spwm_fn" time elapsed: 00:00:00
----------------------------------------------------------

580/634 Testing: Showcase: 3-phase 6-pulse diode rectifier via YAML + V11
580/634 Test: Showcase: 3-phase 6-pulse diode rectifier via YAML + V11
Command: "/Users/lgili/pulsim_phase2/build-tests/core/pulsim_core_showcase_tests" "Showcase: 3-phase 6-pulse diode rectifier via YAML + V11"
Directory: /Users/lgili/pulsim_phase2/build-tests/core
"Showcase: 3-phase 6-pulse diode rectifier via YAML + V11" start time: Aug 24 00:29 -03
Output:
----------------------------------------------------------
Filters: "Showcase: 3-phase 6-pulse diode rectifier via YAML + V11"
Randomness seeded to: 2160933887
===============================================================================
All tests passed (11 assertions in 1 test case)

<end of output>
Test time =   0.02 sec
----------------------------------------------------------
Test Passed.
"Showcase: 3-phase 6-pulse diode rectifier via YAML + V11" end time: Aug 24 00:29 -03
"Showcase: 3-phase 6-pulse diode rectifier via YAML + V11" time elapsed: 00:00:00
----------------------------------------------------------

37/634 Testing: PEDSimulatorBDF2 on switching stiff RLC tracks DOPRI5 reference
37/634 Test: PEDSimulatorBDF2 on switching stiff RLC tracks DOPRI5 reference
Command: "/Users/lgili/pulsim_phase2/build-tests/core/pulsim_core_dsed_tests" "PEDSimulatorBDF2 on switching stiff RLC tracks DOPRI5 reference"
Directory: /Users/lgili/pulsim_phase2/build-tests/core
"PEDSimulatorBDF2 on switching stiff RLC tracks DOPRI5 reference" start time: Aug 24 00:29 -03
Output:
----------------------------------------------------------
Filters: "PEDSimulatorBDF2 on switching stiff RLC tracks DOPRI5 reference"
Randomness seeded to: 3131350013
===============================================================================
All tests passed (4 assertions in 1 test case)

<end of output>
Test time =   0.02 sec
----------------------------------------------------------
Test Passed.
"PEDSimulatorBDF2 on switching stiff RLC tracks DOPRI5 reference" end time: Aug 24 00:29 -03
"PEDSimulatorBDF2 on switching stiff RLC tracks DOPRI5 reference" time elapsed: 00:00:00
----------------------------------------------------------

386/634 Testing: The recovered answer is the right one
386/634 Test: The recovered answer is the right one
Command: "/Users/lgili/pulsim_phase2/build-tests/core/pulsim_core_layer5_tests" "The recovered answer is the right one"
Directory: /Users/lgili/pulsim_phase2/build-tests/core
"The recovered answer is the right one" start time: Aug 24 00:29 -03
Output:
----------------------------------------------------------
Filters: "The recovered answer is the right one"
Randomness seeded to: 2791599987
===============================================================================
All tests passed (5 assertions in 1 test case)

<end of output>
Test time =   0.01 sec
----------------------------------------------------------
Test Passed.
"The recovered answer is the right one" end time: Aug 24 00:29 -03
"The recovered answer is the right one" time elapsed: 00:00:00
----------------------------------------------------------

520/634 Testing: Boost converter: V_out = V_in/(1-D) with event iteration
520/634 Test: Boost converter: V_out = V_in/(1-D) with event iteration
Command: "/Users/lgili/pulsim_phase2/build-tests/core/pulsim_core_layer5_v2_tests" "Boost converter: V_out = V_in/(1-D) with event iteration"
Directory: /Users/lgili/pulsim_phase2/build-tests/core
"Boost converter: V_out = V_in/(1-D) with event iteration" start time: Aug 24 00:29 -03
Output:
----------------------------------------------------------
Filters: "Boost converter: V_out = V_in/(1-D) with event iteration"
Randomness seeded to: 2175808664
===============================================================================
All tests passed (6 assertions in 1 test case)

<end of output>
Test time =   0.03 sec
----------------------------------------------------------
Test Passed.
"Boost converter: V_out = V_in/(1-D) with event iteration" end time: Aug 24 00:29 -03
"Boost converter: V_out = V_in/(1-D) with event iteration" time elapsed: 00:00:00
----------------------------------------------------------

575/634 Testing: SMPS showcase: open-loop buck via YAML reaches V_in · D
575/634 Test: SMPS showcase: open-loop buck via YAML reaches V_in · D
Command: "/Users/lgili/pulsim_phase2/build-tests/core/pulsim_core_showcase_tests" "SMPS showcase: open-loop buck via YAML reaches V_in · D"
Directory: /Users/lgili/pulsim_phase2/build-tests/core
"SMPS showcase: open-loop buck via YAML reaches V_in · D" start time: Aug 24 00:29 -03
Output:
----------------------------------------------------------
Filters: "SMPS showcase: open-loop buck via YAML reaches V_in · D"
Randomness seeded to: 2292358657
===============================================================================
All tests passed (6 assertions in 1 test case)

<end of output>
Test time =   0.01 sec
----------------------------------------------------------
Test Passed.
"SMPS showcase: open-loop buck via YAML reaches V_in · D" end time: Aug 24 00:29 -03
"SMPS showcase: open-loop buck via YAML reaches V_in · D" time elapsed: 00:00:00
----------------------------------------------------------

576/634 Testing: Buck showcase: alternative duty cycle ≈ 25 % → V_out ≈ 6 V
576/634 Test: Buck showcase: alternative duty cycle ≈ 25 % → V_out ≈ 6 V
Command: "/Users/lgili/pulsim_phase2/build-tests/core/pulsim_core_showcase_tests" "Buck showcase: alternative duty cycle ≈ 25 % → V_out ≈ 6 V"
Directory: /Users/lgili/pulsim_phase2/build-tests/core
"Buck showcase: alternative duty cycle ≈ 25 % → V_out ≈ 6 V" start time: Aug 24 00:29 -03
Output:
----------------------------------------------------------
Filters: "Buck showcase: alternative duty cycle ≈ 25 % → V_out ≈ 6 V"
Randomness seeded to: 434900072
===============================================================================
All tests passed (2 assertions in 1 test case)

<end of output>
Test time =   0.01 sec
----------------------------------------------------------
Test Passed.
"Buck showcase: alternative duty cycle ≈ 25 % → V_out ≈ 6 V" end time: Aug 24 00:29 -03
"Buck showcase: alternative duty cycle ≈ 25 % → V_out ≈ 6 V" time elapsed: 00:00:00
----------------------------------------------------------

96/634 Testing: Phase-1 LU: banded factor time scales ~linearly (kills the O(n^2) floor)
96/634 Test: Phase-1 LU: banded factor time scales ~linearly (kills the O(n^2) floor)
Command: "/Users/lgili/pulsim_phase2/build-tests/core/pulsim_core_layer0_tests" "Phase-1 LU: banded factor time scales ~linearly (kills the O(n^2) floor)"
Directory: /Users/lgili/pulsim_phase2/build-tests/core
"Phase-1 LU: banded factor time scales ~linearly (kills the O(n^2) floor)" start time: Aug 24 00:29 -03
Output:
----------------------------------------------------------
Filters: "Phase-1 LU: banded factor time scales ~linearly (kills the O(n^2) floor)"
Randomness seeded to: 738749391
===============================================================================
All tests passed (13 assertions in 1 test case)

<end of output>
Test time =   0.01 sec
----------------------------------------------------------
Test Passed.
"Phase-1 LU: banded factor time scales ~linearly (kills the O(n^2) floor)" end time: Aug 24 00:29 -03
"Phase-1 LU: banded factor time scales ~linearly (kills the O(n^2) floor)" time elapsed: 00:00:00
----------------------------------------------------------

271/634 Testing: make_spwm_pair_fn — half-bridge mid-point tracks SPWM duty
271/634 Test: make_spwm_pair_fn — half-bridge mid-point tracks SPWM duty
Command: "/Users/lgili/pulsim_phase2/build-tests/core/pulsim_core_sources_tests" "make_spwm_pair_fn — half-bridge mid-point tracks SPWM duty"
Directory: /Users/lgili/pulsim_phase2/build-tests/core
"make_spwm_pair_fn — half-bridge mid-point tracks SPWM duty" start time: Aug 24 00:29 -03
Output:
----------------------------------------------------------
Filters: "make_spwm_pair_fn — half-bridge mid-point tracks SPWM duty"
Randomness seeded to: 3737919923
===============================================================================
All tests passed (6 assertions in 1 test case)

<end of output>
Test time =   0.02 sec
----------------------------------------------------------
Test Passed.
"make_spwm_pair_fn — half-bridge mid-point tracks SPWM duty" end time: Aug 24 00:29 -03
"make_spwm_pair_fn — half-bridge mid-point tracks SPWM duty" time elapsed: 00:00:00
----------------------------------------------------------

256/634 Testing: make_dead_time_pwm_pair_fn — shoot-through never happens
256/634 Test: make_dead_time_pwm_pair_fn — shoot-through never happens
Command: "/Users/lgili/pulsim_phase2/build-tests/core/pulsim_core_sources_tests" "make_dead_time_pwm_pair_fn — shoot-through never happens"
Directory: /Users/lgili/pulsim_phase2/build-tests/core
"make_dead_time_pwm_pair_fn — shoot-through never happens" start time: Aug 24 00:29 -03
Output:
----------------------------------------------------------
Filters: "make_dead_time_pwm_pair_fn — shoot-through never happens"
Randomness seeded to: 1294612611
===============================================================================
All tests passed (20000 assertions in 1 test case)

<end of output>
Test time =   0.02 sec
----------------------------------------------------------
Test Passed.
"make_dead_time_pwm_pair_fn — shoot-through never happens" end time: Aug 24 00:29 -03
"make_dead_time_pwm_pair_fn — shoot-through never happens" time elapsed: 00:00:00
----------------------------------------------------------

266/634 Testing: make_spwm_pair_fn — shoot-through never happens
266/634 Test: make_spwm_pair_fn — shoot-through never happens
Command: "/Users/lgili/pulsim_phase2/build-tests/core/pulsim_core_sources_tests" "make_spwm_pair_fn — shoot-through never happens"
Directory: /Users/lgili/pulsim_phase2/build-tests/core
"make_spwm_pair_fn — shoot-through never happens" start time: Aug 24 00:29 -03
Output:
----------------------------------------------------------
Filters: "make_spwm_pair_fn — shoot-through never happens"
Randomness seeded to: 92863763
===============================================================================
All tests passed (50000 assertions in 1 test case)

<end of output>
Test time =   0.01 sec
----------------------------------------------------------
Test Passed.
"make_spwm_pair_fn — shoot-through never happens" end time: Aug 24 00:29 -03
"make_spwm_pair_fn — shoot-through never happens" time elapsed: 00:00:00
----------------------------------------------------------

474/634 Testing: steady-state cache.solve performs ZERO heap allocations
474/634 Test: steady-state cache.solve performs ZERO heap allocations
Command: "/Users/lgili/pulsim_phase2/build-tests/core/pulsim_core_perf_tests" "steady-state cache.solve performs ZERO heap allocations"
Directory: /Users/lgili/pulsim_phase2/build-tests/core
"steady-state cache.solve performs ZERO heap allocations" start time: Aug 24 00:29 -03
Output:
----------------------------------------------------------
Filters: "steady-state cache.solve performs ZERO heap allocations"
Randomness seeded to: 3869382833
===============================================================================
All tests passed (2 assertions in 1 test case)

<end of output>
Test time =   0.01 sec
----------------------------------------------------------
Test Passed.
"steady-state cache.solve performs ZERO heap allocations" end time: Aug 24 00:29 -03
"steady-state cache.solve performs ZERO heap allocations" time elapsed: 00:00:00
----------------------------------------------------------

476/634 Testing: run_transient hot loop: zero std-container allocations
476/634 Test: run_transient hot loop: zero std-container allocations
Command: "/Users/lgili/pulsim_phase2/build-tests/core/pulsim_core_perf_tests" "run_transient hot loop: zero std-container allocations"
Directory: /Users/lgili/pulsim_phase2/build-tests/core
"run_transient hot loop: zero std-container allocations" start time: Aug 24 00:29 -03
Output:
----------------------------------------------------------
Filters: "run_transient hot loop: zero std-container allocations"
Randomness seeded to: 1905924615
===============================================================================
All tests passed (5 assertions in 1 test case)

<end of output>
Test time =   0.01 sec
----------------------------------------------------------
Test Passed.
"run_transient hot loop: zero std-container allocations" end time: Aug 24 00:29 -03
"run_transient hot loop: zero std-container allocations" time elapsed: 00:00:00
----------------------------------------------------------

495/634 Testing: Synchronous buck converter: steady-state matches analytical
495/634 Test: Synchronous buck converter: steady-state matches analytical
Command: "/Users/lgili/pulsim_phase2/build-tests/core/pulsim_core_layer5_v1_tests" "Synchronous buck converter: steady-state matches analytical"
Directory: /Users/lgili/pulsim_phase2/build-tests/core
"Synchronous buck converter: steady-state matches analytical" start time: Aug 24 00:29 -03
Output:
----------------------------------------------------------
Filters: "Synchronous buck converter: steady-state matches analytical"
Randomness seeded to: 3575712579
===============================================================================
All tests passed (7 assertions in 1 test case)

<end of output>
Test time =   0.02 sec
----------------------------------------------------------
Test Passed.
"Synchronous buck converter: steady-state matches analytical" end time: Aug 24 00:29 -03
"Synchronous buck converter: steady-state matches analytical" time elapsed: 00:00:00
----------------------------------------------------------

478/634 Testing: substep event correction path is allocation-free per event
478/634 Test: substep event correction path is allocation-free per event
Command: "/Users/lgili/pulsim_phase2/build-tests/core/pulsim_core_perf_tests" "substep event correction path is allocation-free per event"
Directory: /Users/lgili/pulsim_phase2/build-tests/core
"substep event correction path is allocation-free per event" start time: Aug 24 00:29 -03
Output:
----------------------------------------------------------
Filters: "substep event correction path is allocation-free per event"
Randomness seeded to: 579492112
===============================================================================
All tests passed (4 assertions in 1 test case)

<end of output>
Test time =   0.01 sec
----------------------------------------------------------
Test Passed.
"substep event correction path is allocation-free per event" end time: Aug 24 00:29 -03
"substep event correction path is allocation-free per event" time elapsed: 00:00:00
----------------------------------------------------------

272/634 Testing: make_three_phase_spwm_fn — shoot-through never happens on any leg
272/634 Test: make_three_phase_spwm_fn — shoot-through never happens on any leg
Command: "/Users/lgili/pulsim_phase2/build-tests/core/pulsim_core_sources_tests" "make_three_phase_spwm_fn — shoot-through never happens on any leg"
Directory: /Users/lgili/pulsim_phase2/build-tests/core
"make_three_phase_spwm_fn — shoot-through never happens on any leg" start time: Aug 24 00:29 -03
Output:
----------------------------------------------------------
Filters: "make_three_phase_spwm_fn — shoot-through never happens on any leg"
Randomness seeded to: 3957796005
===============================================================================
All tests passed (90000 assertions in 1 test case)

<end of output>
Test time =   0.01 sec
----------------------------------------------------------
Test Passed.
"make_three_phase_spwm_fn — shoot-through never happens on any leg" end time: Aug 24 00:29 -03
"make_three_phase_spwm_fn — shoot-through never happens on any leg" time elapsed: 00:00:00
----------------------------------------------------------

477/634 Testing: run_transient with diodes: allocation count is O(1), not O(n_steps)
477/634 Test: run_transient with diodes: allocation count is O(1), not O(n_steps)
Command: "/Users/lgili/pulsim_phase2/build-tests/core/pulsim_core_perf_tests" "run_transient with diodes: allocation count is O(1)\, not O(n_steps)"
Directory: /Users/lgili/pulsim_phase2/build-tests/core
"run_transient with diodes: allocation count is O(1), not O(n_steps)" start time: Aug 24 00:29 -03
Output:
----------------------------------------------------------
Filters: "run_transient with diodes: allocation count is O(1)\, not O(n_steps)"
Randomness seeded to: 1213743765
===============================================================================
All tests passed (3 assertions in 1 test case)

<end of output>
Test time =   0.01 sec
----------------------------------------------------------
Test Passed.
"run_transient with diodes: allocation count is O(1), not O(n_steps)" end time: Aug 24 00:29 -03
"run_transient with diodes: allocation count is O(1), not O(n_steps)" time elapsed: 00:00:00
----------------------------------------------------------

475/634 Testing: steady-state solve_at (same mask+dt) is allocation-free
475/634 Test: steady-state solve_at (same mask+dt) is allocation-free
Command: "/Users/lgili/pulsim_phase2/build-tests/core/pulsim_core_perf_tests" "steady-state solve_at (same mask+dt) is allocation-free"
Directory: /Users/lgili/pulsim_phase2/build-tests/core
"steady-state solve_at (same mask+dt) is allocation-free" start time: Aug 24 00:29 -03
Output:
----------------------------------------------------------
Filters: "steady-state solve_at (same mask+dt) is allocation-free"
Randomness seeded to: 1075752367
===============================================================================
All tests passed (2 assertions in 1 test case)

<end of output>
Test time =   0.01 sec
----------------------------------------------------------
Test Passed.
"steady-state solve_at (same mask+dt) is allocation-free" end time: Aug 24 00:29 -03
"steady-state solve_at (same mask+dt) is allocation-free" time elapsed: 00:00:00
----------------------------------------------------------

586/634 Testing: Showcase: LDO with op-amp feedback (V13 + V15)
586/634 Test: Showcase: LDO with op-amp feedback (V13 + V15)
Command: "/Users/lgili/pulsim_phase2/build-tests/core/pulsim_core_showcase_tests" "Showcase: LDO with op-amp feedback (V13 + V15)"
Directory: /Users/lgili/pulsim_phase2/build-tests/core
"Showcase: LDO with op-amp feedback (V13 + V15)" start time: Aug 24 00:29 -03
Output:
----------------------------------------------------------
Filters: "Showcase: LDO with op-amp feedback (V13 + V15)"
Randomness seeded to: 2296086943
===============================================================================
All tests passed (7 assertions in 1 test case)

<end of output>
Test time =   0.01 sec
----------------------------------------------------------
Test Passed.
"Showcase: LDO with op-amp feedback (V13 + V15)" end time: Aug 24 00:29 -03
"Showcase: LDO with op-amp feedback (V13 + V15)" time elapsed: 00:00:00
----------------------------------------------------------

384/634 Testing: A step that fails at dt succeeds at dt/2
384/634 Test: A step that fails at dt succeeds at dt/2
Command: "/Users/lgili/pulsim_phase2/build-tests/core/pulsim_core_layer5_tests" "A step that fails at dt succeeds at dt/2"
Directory: /Users/lgili/pulsim_phase2/build-tests/core
"A step that fails at dt succeeds at dt/2" start time: Aug 24 00:29 -03
Output:
----------------------------------------------------------
Filters: "A step that fails at dt succeeds at dt/2"
Randomness seeded to: 4039619131
===============================================================================
All tests passed (7 assertions in 1 test case)

<end of output>
Test time =   0.00 sec
----------------------------------------------------------
Test Passed.
"A step that fails at dt succeeds at dt/2" end time: Aug 24 00:29 -03
"A step that fails at dt succeeds at dt/2" time elapsed: 00:00:00
----------------------------------------------------------

582/634 Testing: Showcase: common-source MOSFET amplifier (V13 + V11)
582/634 Test: Showcase: common-source MOSFET amplifier (V13 + V11)
Command: "/Users/lgili/pulsim_phase2/build-tests/core/pulsim_core_showcase_tests" "Showcase: common-source MOSFET amplifier (V13 + V11)"
Directory: /Users/lgili/pulsim_phase2/build-tests/core
"Showcase: common-source MOSFET amplifier (V13 + V11)" start time: Aug 24 00:29 -03
Output:
----------------------------------------------------------
Filters: "Showcase: common-source MOSFET amplifier (V13 + V11)"
Randomness seeded to: 1399959547
===============================================================================
All tests passed (9 assertions in 1 test case)

<end of output>
Test time =   0.01 sec
----------------------------------------------------------
Test Passed.
"Showcase: common-source MOSFET amplifier (V13 + V11)" end time: Aug 24 00:29 -03
"Showcase: common-source MOSFET amplifier (V13 + V11)" time elapsed: 00:00:00
----------------------------------------------------------

43/634 Testing: PEDSimulatorAuto invalidates both RK45 and BDF2 state on every mask change
43/634 Test: PEDSimulatorAuto invalidates both RK45 and BDF2 state on every mask change
Command: "/Users/lgili/pulsim_phase2/build-tests/core/pulsim_core_dsed_tests" "PEDSimulatorAuto invalidates both RK45 and BDF2 state on every mask change"
Directory: /Users/lgili/pulsim_phase2/build-tests/core
"PEDSimulatorAuto invalidates both RK45 and BDF2 state on every mask change" start time: Aug 24 00:29 -03
Output:
----------------------------------------------------------
Filters: "PEDSimulatorAuto invalidates both RK45 and BDF2 state on every mask change"
Randomness seeded to: 3956673811
===============================================================================
All tests passed (7337 assertions in 1 test case)

<end of output>
Test time =   0.01 sec
----------------------------------------------------------
Test Passed.
"PEDSimulatorAuto invalidates both RK45 and BDF2 state on every mask change" end time: Aug 24 00:29 -03
"PEDSimulatorAuto invalidates both RK45 and BDF2 state on every mask change" time elapsed: 00:00:00
----------------------------------------------------------

385/634 Testing: A retried run keeps the sampling grid exactly
385/634 Test: A retried run keeps the sampling grid exactly
Command: "/Users/lgili/pulsim_phase2/build-tests/core/pulsim_core_layer5_tests" "A retried run keeps the sampling grid exactly"
Directory: /Users/lgili/pulsim_phase2/build-tests/core
"A retried run keeps the sampling grid exactly" start time: Aug 24 00:29 -03
Output:
----------------------------------------------------------
Filters: "A retried run keeps the sampling grid exactly"
Randomness seeded to: 3697542348
===============================================================================
All tests passed (88 assertions in 1 test case)

<end of output>
Test time =   0.00 sec
----------------------------------------------------------
Test Passed.
"A retried run keeps the sampling grid exactly" end time: Aug 24 00:29 -03
"A retried run keeps the sampling grid exactly" time elapsed: 00:00:00
----------------------------------------------------------

281/634 Testing: make_phase_shift_full_bridge_fn — shoot-through never happens per leg
281/634 Test: make_phase_shift_full_bridge_fn — shoot-through never happens per leg
Command: "/Users/lgili/pulsim_phase2/build-tests/core/pulsim_core_sources_tests" "make_phase_shift_full_bridge_fn — shoot-through never happens per leg"
Directory: /Users/lgili/pulsim_phase2/build-tests/core
"make_phase_shift_full_bridge_fn — shoot-through never happens per leg" start time: Aug 24 00:29 -03
Output:
----------------------------------------------------------
Filters: "make_phase_shift_full_bridge_fn — shoot-through never happens per leg"
Randomness seeded to: 1844869292
===============================================================================
All tests passed (15000 assertions in 1 test case)

<end of output>
Test time =   0.01 sec
----------------------------------------------------------
Test Passed.
"make_phase_shift_full_bridge_fn — shoot-through never happens per leg" end time: Aug 24 00:29 -03
"make_phase_shift_full_bridge_fn — shoot-through never happens per leg" time elapsed: 00:00:00
----------------------------------------------------------

264/634 Testing: make_dead_time_pwm_pair_fn — half-bridge leg drives RC load to V·duty
264/634 Test: make_dead_time_pwm_pair_fn — half-bridge leg drives RC load to V·duty
Command: "/Users/lgili/pulsim_phase2/build-tests/core/pulsim_core_sources_tests" "make_dead_time_pwm_pair_fn — half-bridge leg drives RC load to V·duty"
Directory: /Users/lgili/pulsim_phase2/build-tests/core
"make_dead_time_pwm_pair_fn — half-bridge leg drives RC load to V·duty" start time: Aug 24 00:29 -03
Output:
----------------------------------------------------------
Filters: "make_dead_time_pwm_pair_fn — half-bridge leg drives RC load to V·duty"
Randomness seeded to: 603310933
===============================================================================
All tests passed (4 assertions in 1 test case)

<end of output>
Test time =   0.01 sec
----------------------------------------------------------
Test Passed.
"make_dead_time_pwm_pair_fn — half-bridge leg drives RC load to V·duty" end time: Aug 24 00:29 -03
"make_dead_time_pwm_pair_fn — half-bridge leg drives RC load to V·duty" time elapsed: 00:00:00
----------------------------------------------------------

213/634 Testing: Pulse source step charges an RC circuit exponentially
213/634 Test: Pulse source step charges an RC circuit exponentially
Command: "/Users/lgili/pulsim_phase2/build-tests/core/pulsim_core_layer2_tests" "Pulse source step charges an RC circuit exponentially"
Directory: /Users/lgili/pulsim_phase2/build-tests/core
"Pulse source step charges an RC circuit exponentially" start time: Aug 24 00:29 -03
Output:
----------------------------------------------------------
Filters: "Pulse source step charges an RC circuit exponentially"
Randomness seeded to: 9492786
===============================================================================
All tests passed (2 assertions in 1 test case)

<end of output>
Test time =   0.00 sec
----------------------------------------------------------
Test Passed.
"Pulse source step charges an RC circuit exponentially" end time: Aug 24 00:29 -03
"Pulse source step charges an RC circuit exponentially" time elapsed: 00:00:00
----------------------------------------------------------

245/634 Testing: run_mna_sweep: series RLC peak matches 1/(2π·sqrt(LC)) within 0.5 %
245/634 Test: run_mna_sweep: series RLC peak matches 1/(2π·sqrt(LC)) within 0.5 %
Command: "/Users/lgili/pulsim_phase2/build-tests/core/pulsim_core_analysis_tests" "run_mna_sweep: series RLC peak matches 1/(2π·sqrt(LC)) within 0.5 %"
Directory: /Users/lgili/pulsim_phase2/build-tests/core
"run_mna_sweep: series RLC peak matches 1/(2π·sqrt(LC)) within 0.5 %" start time: Aug 24 00:29 -03
Output:
----------------------------------------------------------
Filters: "run_mna_sweep: series RLC peak matches 1/(2π·sqrt(LC)) within 0.5 %"
Randomness seeded to: 1322419491
===============================================================================
All tests passed (3 assertions in 1 test case)

<end of output>
Test time =   0.01 sec
----------------------------------------------------------
Test Passed.
"run_mna_sweep: series RLC peak matches 1/(2π·sqrt(LC)) within 0.5 %" end time: Aug 24 00:29 -03
"run_mna_sweep: series RLC peak matches 1/(2π·sqrt(LC)) within 0.5 %" time elapsed: 00:00:00
----------------------------------------------------------

97/634 Testing: Phase-1 LU: COLAMD beats RCM on a 2-D grid
97/634 Test: Phase-1 LU: COLAMD beats RCM on a 2-D grid
Command: "/Users/lgili/pulsim_phase2/build-tests/core/pulsim_core_layer0_tests" "Phase-1 LU: COLAMD beats RCM on a 2-D grid"
Directory: /Users/lgili/pulsim_phase2/build-tests/core
"Phase-1 LU: COLAMD beats RCM on a 2-D grid" start time: Aug 24 00:29 -03
Output:
----------------------------------------------------------
Filters: "Phase-1 LU: COLAMD beats RCM on a 2-D grid"
Randomness seeded to: 3861213654
===============================================================================
All tests passed (7 assertions in 1 test case)

<end of output>
Test time =   0.01 sec
----------------------------------------------------------
Test Passed.
"Phase-1 LU: COLAMD beats RCM on a 2-D grid" end time: Aug 24 00:29 -03
"Phase-1 LU: COLAMD beats RCM on a 2-D grid" time elapsed: 00:00:00
----------------------------------------------------------

491/634 Testing: RLC integration: ω_d and ζ from parameters
491/634 Test: RLC integration: ω_d and ζ from parameters
Command: "/Users/lgili/pulsim_phase2/build-tests/core/pulsim_core_layer5_v1_tests" "RLC integration: ω_d and ζ from parameters"
Directory: /Users/lgili/pulsim_phase2/build-tests/core
"RLC integration: ω_d and ζ from parameters" start time: Aug 24 00:29 -03
Output:
----------------------------------------------------------
Filters: "RLC integration: ω_d and ζ from parameters"
Randomness seeded to: 3506217241
===============================================================================
All tests passed (3 assertions in 1 test case)

<end of output>
Test time =   0.00 sec
----------------------------------------------------------
Test Passed.
"RLC integration: ω_d and ζ from parameters" end time: Aug 24 00:29 -03
"RLC integration: ω_d and ζ from parameters" time elapsed: 00:00:00
----------------------------------------------------------

242/634 Testing: CoreLoss — Steinmetz on triangular ripple recovers f and B_peak
242/634 Test: CoreLoss — Steinmetz on triangular ripple recovers f and B_peak
Command: "/Users/lgili/pulsim_phase2/build-tests/core/pulsim_core_analysis_tests" "CoreLoss — Steinmetz on triangular ripple recovers f and B_peak"
Directory: /Users/lgili/pulsim_phase2/build-tests/core
"CoreLoss — Steinmetz on triangular ripple recovers f and B_peak" start time: Aug 24 00:29 -03
Output:
----------------------------------------------------------
Filters: "CoreLoss — Steinmetz on triangular ripple recovers f and B_peak"
Randomness seeded to: 14944390
===============================================================================
All tests passed (3 assertions in 1 test case)

<end of output>
Test time =   0.00 sec
----------------------------------------------------------
Test Passed.
"CoreLoss — Steinmetz on triangular ripple recovers f and B_peak" end time: Aug 24 00:29 -03
"CoreLoss — Steinmetz on triangular ripple recovers f and B_peak" time elapsed: 00:00:00
----------------------------------------------------------

85/634 Testing: PulsimSparseLuSolver::analyze invalidates the path cache
85/634 Test: PulsimSparseLuSolver::analyze invalidates the path cache
Command: "/Users/lgili/pulsim_phase2/build-tests/core/pulsim_core_layer0_tests" "PulsimSparseLuSolver::analyze invalidates the path cache"
Directory: /Users/lgili/pulsim_phase2/build-tests/core
"PulsimSparseLuSolver::analyze invalidates the path cache" start time: Aug 24 00:29 -03
Output:
----------------------------------------------------------
Filters: "PulsimSparseLuSolver::analyze invalidates the path cache"
Randomness seeded to: 4008743040
===============================================================================
All tests passed (9 assertions in 1 test case)

<end of output>
Test time =   0.00 sec
----------------------------------------------------------
Test Passed.
"PulsimSparseLuSolver::analyze invalidates the path cache" end time: Aug 24 00:29 -03
"PulsimSparseLuSolver::analyze invalidates the path cache" time elapsed: 00:00:00
----------------------------------------------------------

634/634 Testing: κ=20 stiff rectifier solves from AUTO smart warm-start (no manual load-line)
634/634 Test: κ=20 stiff rectifier solves from AUTO smart warm-start (no manual load-line)
Command: "/Users/lgili/pulsim_phase2/build-tests/core/pulsim_core_layer5_v4_tests" "κ=20 stiff rectifier solves from AUTO smart warm-start (no manual load-line)"
Directory: /Users/lgili/pulsim_phase2/build-tests/core
"κ=20 stiff rectifier solves from AUTO smart warm-start (no manual load-line)" start time: Aug 24 00:29 -03
Output:
----------------------------------------------------------
Filters: "κ=20 stiff rectifier solves from AUTO smart warm-start (no manual load-line)"
Randomness seeded to: 2748646619
===============================================================================
All tests passed (6 assertions in 1 test case)

<end of output>
Test time =   0.01 sec
----------------------------------------------------------
Test Passed.
"κ=20 stiff rectifier solves from AUTO smart warm-start (no manual load-line)" end time: Aug 24 00:29 -03
"κ=20 stiff rectifier solves from AUTO smart warm-start (no manual load-line)" time elapsed: 00:00:00
----------------------------------------------------------

619/634 Testing: Line search OFF reproduces Layer 4 V3 (plain Newton)
619/634 Test: Line search OFF reproduces Layer 4 V3 (plain Newton)
Command: "/Users/lgili/pulsim_phase2/build-tests/core/pulsim_core_layer5_v4_tests" "Line search OFF reproduces Layer 4 V3 (plain Newton)"
Directory: /Users/lgili/pulsim_phase2/build-tests/core
"Line search OFF reproduces Layer 4 V3 (plain Newton)" start time: Aug 24 00:29 -03
Output:
----------------------------------------------------------
Filters: "Line search OFF reproduces Layer 4 V3 (plain Newton)"
Randomness seeded to: 468391851
===============================================================================
All tests passed (4 assertions in 1 test case)

<end of output>
Test time =   0.00 sec
----------------------------------------------------------
Test Passed.
"Line search OFF reproduces Layer 4 V3 (plain Newton)" end time: Aug 24 00:29 -03
"Line search OFF reproduces Layer 4 V3 (plain Newton)" time elapsed: 00:00:00
----------------------------------------------------------

20/634 Testing: Buck CCM PED wall-clock within 2× of fixed-step trapezoidal
20/634 Test: Buck CCM PED wall-clock within 2× of fixed-step trapezoidal
Command: "/Users/lgili/pulsim_phase2/build-tests/core/pulsim_core_dsed_tests" "Buck CCM PED wall-clock within 2× of fixed-step trapezoidal"
Directory: /Users/lgili/pulsim_phase2/build-tests/core
"Buck CCM PED wall-clock within 2× of fixed-step trapezoidal" start time: Aug 24 00:29 -03
Output:
----------------------------------------------------------
Filters: "Buck CCM PED wall-clock within 2× of fixed-step trapezoidal"
Randomness seeded to: 3518100666
===============================================================================
All tests passed (1 assertion in 1 test case)

<end of output>
Test time =   0.00 sec
----------------------------------------------------------
Test Passed.
"Buck CCM PED wall-clock within 2× of fixed-step trapezoidal" end time: Aug 24 00:29 -03
"Buck CCM PED wall-clock within 2× of fixed-step trapezoidal" time elapsed: 00:00:00
----------------------------------------------------------

419/634 Testing: Chopper PWM: waveform is a clean square wave
419/634 Test: Chopper PWM: waveform is a clean square wave
Command: "/Users/lgili/pulsim_phase2/build-tests/core/pulsim_core_layer5_tests" "Chopper PWM: waveform is a clean square wave"
Directory: /Users/lgili/pulsim_phase2/build-tests/core
"Chopper PWM: waveform is a clean square wave" start time: Aug 24 00:29 -03
Output:
----------------------------------------------------------
Filters: "Chopper PWM: waveform is a clean square wave"
Randomness seeded to: 2596717772
===============================================================================
All tests passed (1003 assertions in 1 test case)

<end of output>
Test time =   0.00 sec
----------------------------------------------------------
Test Passed.
"Chopper PWM: waveform is a clean square wave" end time: Aug 24 00:29 -03
"Chopper PWM: waveform is a clean square wave" time elapsed: 00:00:00
----------------------------------------------------------

94/634 Testing: v1.4.0: MAX_PATH_LENGTH_RATIO is a valid ratio in (0, 1]
94/634 Test: v1.4.0: MAX_PATH_LENGTH_RATIO is a valid ratio in (0, 1]
Command: "/Users/lgili/pulsim_phase2/build-tests/core/pulsim_core_layer0_tests" "v1.4.0: MAX_PATH_LENGTH_RATIO is a valid ratio in (0\, 1\]"
Directory: /Users/lgili/pulsim_phase2/build-tests/core
"v1.4.0: MAX_PATH_LENGTH_RATIO is a valid ratio in (0, 1]" start time: Aug 24 00:29 -03
Output:
----------------------------------------------------------
Filters: "v1.4.0: MAX_PATH_LENGTH_RATIO is a valid ratio in (0\, 1\]"
Randomness seeded to: 1812344802
===============================================================================
All tests passed (2 assertions in 1 test case)

<end of output>
Test time =   0.00 sec
----------------------------------------------------------
Test Passed.
"v1.4.0: MAX_PATH_LENGTH_RATIO is a valid ratio in (0, 1]" end time: Aug 24 00:29 -03
"v1.4.0: MAX_PATH_LENGTH_RATIO is a valid ratio in (0, 1]" time elapsed: 00:00:00
----------------------------------------------------------

41/634 Testing: PEDSimulatorAuto event log records integrator-per-segment
41/634 Test: PEDSimulatorAuto event log records integrator-per-segment
Command: "/Users/lgili/pulsim_phase2/build-tests/core/pulsim_core_dsed_tests" "PEDSimulatorAuto event log records integrator-per-segment"
Directory: /Users/lgili/pulsim_phase2/build-tests/core
"PEDSimulatorAuto event log records integrator-per-segment" start time: Aug 24 00:29 -03
Output:
----------------------------------------------------------
Filters: "PEDSimulatorAuto event log records integrator-per-segment"
Randomness seeded to: 2986711656
===============================================================================
All tests passed (6 assertions in 1 test case)

<end of output>
Test time =   0.01 sec
----------------------------------------------------------
Test Passed.
"PEDSimulatorAuto event log records integrator-per-segment" end time: Aug 24 00:29 -03
"PEDSimulatorAuto event log records integrator-per-segment" time elapsed: 00:00:00
----------------------------------------------------------

154/634 Testing: Unary minus negates value and all derivs
154/634 Test: Unary minus negates value and all derivs
Command: "/Users/lgili/pulsim_phase2/build-tests/core/pulsim_core_layer2_tests" "Unary minus negates value and all derivs"
Directory: /Users/lgili/pulsim_phase2/build-tests/core
"Unary minus negates value and all derivs" start time: Aug 24 00:29 -03
Output:
----------------------------------------------------------
Filters: "Unary minus negates value and all derivs"
Randomness seeded to: 923026943
===============================================================================
All tests passed (3 assertions in 1 test case)

<end of output>
Test time =   0.00 sec
----------------------------------------------------------
Test Passed.
"Unary minus negates value and all derivs" end time: Aug 24 00:29 -03
"Unary minus negates value and all derivs" time elapsed: 00:00:00
----------------------------------------------------------

527/634 Testing: RC half-wave: substep correction stays finite and bounded
527/634 Test: RC half-wave: substep correction stays finite and bounded
Command: "/Users/lgili/pulsim_phase2/build-tests/core/pulsim_core_layer5_v3_tests" "RC half-wave: substep correction stays finite and bounded"
Directory: /Users/lgili/pulsim_phase2/build-tests/core
"RC half-wave: substep correction stays finite and bounded" start time: Aug 24 00:29 -03
Output:
----------------------------------------------------------
Filters: "RC half-wave: substep correction stays finite and bounded"
Randomness seeded to: 1141051632
===============================================================================
All tests passed (1006 assertions in 1 test case)

<end of output>
Test time =   0.01 sec
----------------------------------------------------------
Test Passed.
"RC half-wave: substep correction stays finite and bounded" end time: Aug 24 00:29 -03
"RC half-wave: substep correction stays finite and bounded" time elapsed: 00:00:00
----------------------------------------------------------

480/634 Testing: HistoryState: 1 cap → 1 entry initialised to zero
480/634 Test: HistoryState: 1 cap → 1 entry initialised to zero
Command: "/Users/lgili/pulsim_phase2/build-tests/core/pulsim_core_layer5_v1_tests" "HistoryState: 1 cap → 1 entry initialised to zero"
Directory: /Users/lgili/pulsim_phase2/build-tests/core
"HistoryState: 1 cap → 1 entry initialised to zero" start time: Aug 24 00:29 -03
Output:
----------------------------------------------------------
Filters: "HistoryState: 1 cap → 1 entry initialised to zero"
Randomness seeded to: 954164584
===============================================================================
All tests passed (3 assertions in 1 test case)

<end of output>
Test time =   0.00 sec
----------------------------------------------------------
Test Passed.
"HistoryState: 1 cap → 1 entry initialised to zero" end time: Aug 24 00:29 -03
"HistoryState: 1 cap → 1 entry initialised to zero" time elapsed: 00:00:00
----------------------------------------------------------

246/634 Testing: make_pwm_switch_fn — 50%% duty toggles correctly across cycle
246/634 Test: make_pwm_switch_fn — 50%% duty toggles correctly across cycle
Command: "/Users/lgili/pulsim_phase2/build-tests/core/pulsim_core_sources_tests" "make_pwm_switch_fn — 50%% duty toggles correctly across cycle"
Directory: /Users/lgili/pulsim_phase2/build-tests/core
"make_pwm_switch_fn — 50%% duty toggles correctly across cycle" start time: Aug 24 00:29 -03
Output:
----------------------------------------------------------
Filters: "make_pwm_switch_fn — 50%% duty toggles correctly across cycle"
Randomness seeded to: 3670065244
===============================================================================
All tests passed (7 assertions in 1 test case)

<end of output>
Test time =   0.00 sec
----------------------------------------------------------
Test Passed.
"make_pwm_switch_fn — 50%% duty toggles correctly across cycle" end time: Aug 24 00:29 -03
"make_pwm_switch_fn — 50%% duty toggles correctly across cycle" time elapsed: 00:00:00
----------------------------------------------------------

91/634 Testing: v1.4.0: partial_refactor with 2-col changed_cols matches fresh-factorise
91/634 Test: v1.4.0: partial_refactor with 2-col changed_cols matches fresh-factorise
Command: "/Users/lgili/pulsim_phase2/build-tests/core/pulsim_core_layer0_tests" "v1.4.0: partial_refactor with 2-col changed_cols matches fresh-factorise"
Directory: /Users/lgili/pulsim_phase2/build-tests/core
"v1.4.0: partial_refactor with 2-col changed_cols matches fresh-factorise" start time: Aug 24 00:29 -03
Output:
----------------------------------------------------------
Filters: "v1.4.0: partial_refactor with 2-col changed_cols matches fresh-factorise"
Randomness seeded to: 3356866700
===============================================================================
All tests passed (6 assertions in 1 test case)

<end of output>
Test time =   0.00 sec
----------------------------------------------------------
Test Passed.
"v1.4.0: partial_refactor with 2-col changed_cols matches fresh-factorise" end time: Aug 24 00:29 -03
"v1.4.0: partial_refactor with 2-col changed_cols matches fresh-factorise" time elapsed: 00:00:00
----------------------------------------------------------

89/634 Testing: make_default_solver(n, Backend::Pulsim) returns a PulsimSparseLuSolver
89/634 Test: make_default_solver(n, Backend::Pulsim) returns a PulsimSparseLuSolver
Command: "/Users/lgili/pulsim_phase2/build-tests/core/pulsim_core_layer0_tests" "make_default_solver(n\, Backend::Pulsim) returns a PulsimSparseLuSolver"
Directory: /Users/lgili/pulsim_phase2/build-tests/core
"make_default_solver(n, Backend::Pulsim) returns a PulsimSparseLuSolver" start time: Aug 24 00:29 -03
Output:
----------------------------------------------------------
Filters: "make_default_solver(n\, Backend::Pulsim) returns a PulsimSparseLuSolver"
Randomness seeded to: 3796988182
===============================================================================
All tests passed (6 assertions in 1 test case)

<end of output>
Test time =   0.00 sec
----------------------------------------------------------
Test Passed.
"make_default_solver(n, Backend::Pulsim) returns a PulsimSparseLuSolver" end time: Aug 24 00:29 -03
"make_default_solver(n, Backend::Pulsim) returns a PulsimSparseLuSolver" time elapsed: 00:00:00
----------------------------------------------------------

428/634 Testing: Inductor: g_eq_inv scales linearly with dt
428/634 Test: Inductor: g_eq_inv scales linearly with dt
Command: "/Users/lgili/pulsim_phase2/build-tests/core/pulsim_core_layer4_v1_tests" "Inductor: g_eq_inv scales linearly with dt"
Directory: /Users/lgili/pulsim_phase2/build-tests/core
"Inductor: g_eq_inv scales linearly with dt" start time: Aug 24 00:29 -03
Output:
----------------------------------------------------------
Filters: "Inductor: g_eq_inv scales linearly with dt"
Randomness seeded to: 592160506
===============================================================================
All tests passed (2 assertions in 1 test case)

<end of output>
Test time =   0.01 sec
----------------------------------------------------------
Test Passed.
"Inductor: g_eq_inv scales linearly with dt" end time: Aug 24 00:29 -03
"Inductor: g_eq_inv scales linearly with dt" time elapsed: 00:00:00
----------------------------------------------------------

300/634 Testing: Resistor stamping is additive (parallel resistors)
300/634 Test: Resistor stamping is additive (parallel resistors)
Command: "/Users/lgili/pulsim_phase2/build-tests/core/pulsim_core_layer3_tests" "Resistor stamping is additive (parallel resistors)"
Directory: /Users/lgili/pulsim_phase2/build-tests/core
"Resistor stamping is additive (parallel resistors)" start time: Aug 24 00:29 -03
Output:
----------------------------------------------------------
Filters: "Resistor stamping is additive (parallel resistors)"
Randomness seeded to: 3799503721
===============================================================================
All tests passed (4 assertions in 1 test case)

<end of output>
Test time =   0.01 sec
----------------------------------------------------------
Test Passed.
"Resistor stamping is additive (parallel resistors)" end time: Aug 24 00:29 -03
"Resistor stamping is additive (parallel resistors)" time elapsed: 00:00:00
----------------------------------------------------------

523/634 Testing: HistoryState snapshot/restore round-trip on RC circuit
523/634 Test: HistoryState snapshot/restore round-trip on RC circuit
Command: "/Users/lgili/pulsim_phase2/build-tests/core/pulsim_core_layer5_v3_tests" "HistoryState snapshot/restore round-trip on RC circuit"
Directory: /Users/lgili/pulsim_phase2/build-tests/core
"HistoryState snapshot/restore round-trip on RC circuit" start time: Aug 24 00:29 -03
Output:
----------------------------------------------------------
Filters: "HistoryState snapshot/restore round-trip on RC circuit"
Randomness seeded to: 3172240173
===============================================================================
All tests passed (3 assertions in 1 test case)

<end of output>
Test time =   0.00 sec
----------------------------------------------------------
Test Passed.
"HistoryState snapshot/restore round-trip on RC circuit" end time: Aug 24 00:29 -03
"HistoryState snapshot/restore round-trip on RC circuit" time elapsed: 00:00:00
----------------------------------------------------------

614/634 Testing: compute_lti_state_space rejects 3-inductor triangle loop (Bridge.9)
614/634 Test: compute_lti_state_space rejects 3-inductor triangle loop (Bridge.9)
Command: "/Users/lgili/pulsim_phase2/build-tests/core/pulsim_core_layer4_v3_tests" "compute_lti_state_space rejects 3-inductor triangle loop (Bridge.9)"
Directory: /Users/lgili/pulsim_phase2/build-tests/core
"compute_lti_state_space rejects 3-inductor triangle loop (Bridge.9)" start time: Aug 24 00:29 -03
Output:
----------------------------------------------------------
Filters: "compute_lti_state_space rejects 3-inductor triangle loop (Bridge.9)"
Randomness seeded to: 4198676952
===============================================================================
All tests passed (1 assertion in 1 test case)

<end of output>
Test time =   0.01 sec
----------------------------------------------------------
Test Passed.
"compute_lti_state_space rejects 3-inductor triangle loop (Bridge.9)" end time: Aug 24 00:29 -03
"compute_lti_state_space rejects 3-inductor triangle loop (Bridge.9)" time elapsed: 00:00:00
----------------------------------------------------------

479/634 Testing: HistoryState: empty graph yields no entries
479/634 Test: HistoryState: empty graph yields no entries
Command: "/Users/lgili/pulsim_phase2/build-tests/core/pulsim_core_layer5_v1_tests" "HistoryState: empty graph yields no entries"
Directory: /Users/lgili/pulsim_phase2/build-tests/core
"HistoryState: empty graph yields no entries" start time: Aug 24 00:29 -03
Output:
----------------------------------------------------------
Filters: "HistoryState: empty graph yields no entries"
Randomness seeded to: 1334594892
===============================================================================
All tests passed (3 assertions in 1 test case)

<end of output>
Test time =   0.00 sec
----------------------------------------------------------
Test Passed.
"HistoryState: empty graph yields no entries" end time: Aug 24 00:29 -03
"HistoryState: empty graph yields no entries" time elapsed: 00:00:00
----------------------------------------------------------

297/634 Testing: node_is_active distinguishes real nodes from ground
297/634 Test: node_is_active distinguishes real nodes from ground
Command: "/Users/lgili/pulsim_phase2/build-tests/core/pulsim_core_layer3_tests" "node_is_active distinguishes real nodes from ground"
Directory: /Users/lgili/pulsim_phase2/build-tests/core
"node_is_active distinguishes real nodes from ground" start time: Aug 24 00:29 -03
Output:
----------------------------------------------------------
Filters: "node_is_active distinguishes real nodes from ground"
Randomness seeded to: 3534767899
===============================================================================
All tests passed (4 assertions in 1 test case)

<end of output>
Test time =   0.00 sec
----------------------------------------------------------
Test Passed.
"node_is_active distinguishes real nodes from ground" end time: Aug 24 00:29 -03
"node_is_active distinguishes real nodes from ground" time elapsed: 00:00:00
----------------------------------------------------------

553/634 Testing: YAML loader: pwm_voltage_source round-trip
553/634 Test: YAML loader: pwm_voltage_source round-trip
Command: "/Users/lgili/pulsim_phase2/build-tests/core/pulsim_core_yaml_tests" "YAML loader: pwm_voltage_source round-trip"
Directory: /Users/lgili/pulsim_phase2/build-tests/core
"YAML loader: pwm_voltage_source round-trip" start time: Aug 24 00:29 -03
Output:
----------------------------------------------------------
Filters: "YAML loader: pwm_voltage_source round-trip"
Randomness seeded to: 3447318758
===============================================================================
All tests passed (7 assertions in 1 test case)

<end of output>
Test time =   0.01 sec
----------------------------------------------------------
Test Passed.
"YAML loader: pwm_voltage_source round-trip" end time: Aug 24 00:29 -03
"YAML loader: pwm_voltage_source round-trip" time elapsed: 00:00:00
----------------------------------------------------------

147/634 Testing: Index → strong-type conversion requires explicit cast
147/634 Test: Index → strong-type conversion requires explicit cast
Command: "/Users/lgili/pulsim_phase2/build-tests/core/pulsim_core_layer1_tests" "Index → strong-type conversion requires explicit cast"
Directory: /Users/lgili/pulsim_phase2/build-tests/core
"Index → strong-type conversion requires explicit cast" start time: Aug 24 00:29 -03
Output:
----------------------------------------------------------
Filters: "Index → strong-type conversion requires explicit cast"
Randomness seeded to: 3573775434
===============================================================================
All tests passed (2 assertions in 1 test case)

<end of output>
Test time =   0.00 sec
----------------------------------------------------------
Test Passed.
"Index → strong-type conversion requires explicit cast" end time: Aug 24 00:29 -03
"Index → strong-type conversion requires explicit cast" time elapsed: 00:00:00
----------------------------------------------------------

342/634 Testing: Preflight can report without touching the circuit
342/634 Test: Preflight can report without touching the circuit
Command: "/Users/lgili/pulsim_phase2/build-tests/core/pulsim_core_layer4_tests" "Preflight can report without touching the circuit"
Directory: /Users/lgili/pulsim_phase2/build-tests/core
"Preflight can report without touching the circuit" start time: Aug 24 00:29 -03
Output:
----------------------------------------------------------
Filters: "Preflight can report without touching the circuit"
Randomness seeded to: 2801998144
===============================================================================
All tests passed (4 assertions in 1 test case)

<end of output>
Test time =   0.01 sec
----------------------------------------------------------
Test Passed.
"Preflight can report without touching the circuit" end time: Aug 24 00:29 -03
"Preflight can report without touching the circuit" time elapsed: 00:00:00
----------------------------------------------------------

316/634 Testing: Missing branch_id lookup throws
316/634 Test: Missing branch_id lookup throws
Command: "/Users/lgili/pulsim_phase2/build-tests/core/pulsim_core_layer4_tests" "Missing branch_id lookup throws"
Directory: /Users/lgili/pulsim_phase2/build-tests/core
"Missing branch_id lookup throws" start time: Aug 24 00:29 -03
Output:
----------------------------------------------------------
Filters: "Missing branch_id lookup throws"
Randomness seeded to: 931424217
===============================================================================
All tests passed (2 assertions in 1 test case)

<end of output>
Test time =   0.01 sec
----------------------------------------------------------
Test Passed.
"Missing branch_id lookup throws" end time: Aug 24 00:29 -03
"Missing branch_id lookup throws" time elapsed: 00:00:00
----------------------------------------------------------

95/634 Testing: Phase-1 LU: correctness across MNA-like sizes
95/634 Test: Phase-1 LU: correctness across MNA-like sizes
Command: "/Users/lgili/pulsim_phase2/build-tests/core/pulsim_core_layer0_tests" "Phase-1 LU: correctness across MNA-like sizes"
Directory: /Users/lgili/pulsim_phase2/build-tests/core
"Phase-1 LU: correctness across MNA-like sizes" start time: Aug 24 00:29 -03
Output:
----------------------------------------------------------
Filters: "Phase-1 LU: correctness across MNA-like sizes"
Randomness seeded to: 2802798159
===============================================================================
All tests passed (9 assertions in 1 test case)

<end of output>
Test time =   0.01 sec
----------------------------------------------------------
Test Passed.
"Phase-1 LU: correctness across MNA-like sizes" end time: Aug 24 00:29 -03
"Phase-1 LU: correctness across MNA-like sizes" time elapsed: 00:00:00
----------------------------------------------------------

581/634 Testing: Showcase: RLC step response via YAML + V12 PulseVoltageSource
581/634 Test: Showcase: RLC step response via YAML + V12 PulseVoltageSource
Command: "/Users/lgili/pulsim_phase2/build-tests/core/pulsim_core_showcase_tests" "Showcase: RLC step response via YAML + V12 PulseVoltageSource"
Directory: /Users/lgili/pulsim_phase2/build-tests/core
"Showcase: RLC step response via YAML + V12 PulseVoltageSource" start time: Aug 24 00:29 -03
Output:
----------------------------------------------------------
Filters: "Showcase: RLC step response via YAML + V12 PulseVoltageSource"
Randomness seeded to: 357702411
===============================================================================
All tests passed (10 assertions in 1 test case)

<end of output>
Test time =   0.00 sec
----------------------------------------------------------
Test Passed.
"Showcase: RLC step response via YAML + V12 PulseVoltageSource" end time: Aug 24 00:29 -03
"Showcase: RLC step response via YAML + V12 PulseVoltageSource" time elapsed: 00:00:00
----------------------------------------------------------

355/634 Testing: Auto falls through to the rung that can answer
355/634 Test: Auto falls through to the rung that can answer
Command: "/Users/lgili/pulsim_phase2/build-tests/core/pulsim_core_layer4_tests" "Auto falls through to the rung that can answer"
Directory: /Users/lgili/pulsim_phase2/build-tests/core
"Auto falls through to the rung that can answer" start time: Aug 24 00:29 -03
Output:
----------------------------------------------------------
Filters: "Auto falls through to the rung that can answer"
Randomness seeded to: 1185830355
===============================================================================
All tests passed (3 assertions in 1 test case)

<end of output>
Test time =   0.01 sec
----------------------------------------------------------
Test Passed.
"Auto falls through to the rung that can answer" end time: Aug 24 00:29 -03
"Auto falls through to the rung that can answer" time elapsed: 00:00:00
----------------------------------------------------------

603/634 Testing: Newton: linear V-R-GND with noop_refresh converges in 1 iter
603/634 Test: Newton: linear V-R-GND with noop_refresh converges in 1 iter
Command: "/Users/lgili/pulsim_phase2/build-tests/core/pulsim_core_layer4_v3_tests" "Newton: linear V-R-GND with noop_refresh converges in 1 iter"
Directory: /Users/lgili/pulsim_phase2/build-tests/core
"Newton: linear V-R-GND with noop_refresh converges in 1 iter" start time: Aug 24 00:29 -03
Output:
----------------------------------------------------------
Filters: "Newton: linear V-R-GND with noop_refresh converges in 1 iter"
Randomness seeded to: 2451329985
===============================================================================
All tests passed (2 assertions in 1 test case)

<end of output>
Test time =   0.00 sec
----------------------------------------------------------
Test Passed.
"Newton: linear V-R-GND with noop_refresh converges in 1 iter" end time: Aug 24 00:29 -03
"Newton: linear V-R-GND with noop_refresh converges in 1 iter" time elapsed: 00:00:00
----------------------------------------------------------

481/634 Testing: HistoryState: capacitor history term sign on b_extra row
481/634 Test: HistoryState: capacitor history term sign on b_extra row
Command: "/Users/lgili/pulsim_phase2/build-tests/core/pulsim_core_layer5_v1_tests" "HistoryState: capacitor history term sign on b_extra row"
Directory: /Users/lgili/pulsim_phase2/build-tests/core
"HistoryState: capacitor history term sign on b_extra row" start time: Aug 24 00:29 -03
Output:
----------------------------------------------------------
Filters: "HistoryState: capacitor history term sign on b_extra row"
Randomness seeded to: 18993782
===============================================================================
All tests passed (1 assertion in 1 test case)

<end of output>
Test time =   0.00 sec
----------------------------------------------------------
Test Passed.
"HistoryState: capacitor history term sign on b_extra row" end time: Aug 24 00:29 -03
"HistoryState: capacitor history term sign on b_extra row" time elapsed: 00:00:00
----------------------------------------------------------

311/634 Testing: Empty pool reports zero state_size
311/634 Test: Empty pool reports zero state_size
Command: "/Users/lgili/pulsim_phase2/build-tests/core/pulsim_core_layer4_tests" "Empty pool reports zero state_size"
Directory: /Users/lgili/pulsim_phase2/build-tests/core
"Empty pool reports zero state_size" start time: Aug 24 00:29 -03
Output:
----------------------------------------------------------
Filters: "Empty pool reports zero state_size"
Randomness seeded to: 1460243384
===============================================================================
All tests passed (2 assertions in 1 test case)

<end of output>
Test time =   0.00 sec
----------------------------------------------------------
Test Passed.
"Empty pool reports zero state_size" end time: Aug 24 00:29 -03
"Empty pool reports zero state_size" time elapsed: 00:00:00
----------------------------------------------------------

277/634 Testing: make_three_phase_spwm_fn — 3-phase mid-points form balanced sine set
277/634 Test: make_three_phase_spwm_fn — 3-phase mid-points form balanced sine set
Command: "/Users/lgili/pulsim_phase2/build-tests/core/pulsim_core_sources_tests" "make_three_phase_spwm_fn — 3-phase mid-points form balanced sine set"
Directory: /Users/lgili/pulsim_phase2/build-tests/core
"make_three_phase_spwm_fn — 3-phase mid-points form balanced sine set" start time: Aug 24 00:29 -03
Output:
----------------------------------------------------------
Filters: "make_three_phase_spwm_fn — 3-phase mid-points form balanced sine set"
Randomness seeded to: 1395065431
===============================================================================
All tests passed (3 assertions in 1 test case)

<end of output>
Test time =   0.00 sec
----------------------------------------------------------
Test Passed.
"make_three_phase_spwm_fn — 3-phase mid-points form balanced sine set" end time: Aug 24 00:29 -03
"make_three_phase_spwm_fn — 3-phase mid-points form balanced sine set" time elapsed: 00:00:00
----------------------------------------------------------

334/634 Testing: DC singular error names the floating node
334/634 Test: DC singular error names the floating node
[...]
Randomness seeded to: 3372884599
===============================================================================
All tests passed (1002 assertions in 1 test case)

<end of output>
Test time =   0.00 sec
----------------------------------------------------------
Test Passed.
"run_transient: time grid is exactly t_start + k·dt" end time: Aug 24 00:29 -03
"run_transient: time grid is exactly t_start + k·dt" time elapsed: 00:00:00
----------------------------------------------------------

442/634 Testing: stamp_capacitor_companion: between node0 and ground
442/634 Test: stamp_capacitor_companion: between node0 and ground
Command: "/Users/lgili/pulsim_phase2/build-tests/core/pulsim_core_layer4_v1_tests" "stamp_capacitor_companion: between node0 and ground"
Directory: /Users/lgili/pulsim_phase2/build-tests/core
"stamp_capacitor_companion: between node0 and ground" start time: Aug 24 00:29 -03
Output:
----------------------------------------------------------
Filters: "stamp_capacitor_companion: between node0 and ground"
Randomness seeded to: 2619542629
===============================================================================
All tests passed (2 assertions in 1 test case)

<end of output>
Test time =   0.00 sec
----------------------------------------------------------
Test Passed.
"stamp_capacitor_companion: between node0 and ground" end time: Aug 24 00:29 -03
"stamp_capacitor_companion: between node0 and ground" time elapsed: 00:00:00
----------------------------------------------------------

191/634 Testing: PWMVoltageSource handles phase offset correctly
191/634 Test: PWMVoltageSource handles phase offset correctly
Command: "/Users/lgili/pulsim_phase2/build-tests/core/pulsim_core_layer2_tests" "PWMVoltageSource handles phase offset correctly"
Directory: /Users/lgili/pulsim_phase2/build-tests/core
"PWMVoltageSource handles phase offset correctly" start time: Aug 24 00:29 -03
Output:
----------------------------------------------------------
Filters: "PWMVoltageSource handles phase offset correctly"
Randomness seeded to: 461286346
===============================================================================
All tests passed (4 assertions in 1 test case)

<end of output>
Test time =   0.00 sec
----------------------------------------------------------
Test Passed.
"PWMVoltageSource handles phase offset correctly" end time: Aug 24 00:29 -03
"PWMVoltageSource handles phase offset correctly" time elapsed: 00:00:00
----------------------------------------------------------

133/634 Testing: Closed switch touching ground promotes the other endpoint to ground
133/634 Test: Closed switch touching ground promotes the other endpoint to ground
Command: "/Users/lgili/pulsim_phase2/build-tests/core/pulsim_core_layer1_tests" "Closed switch touching ground promotes the other endpoint to ground"
Directory: /Users/lgili/pulsim_phase2/build-tests/core
"Closed switch touching ground promotes the other endpoint to ground" start time: Aug 24 00:29 -03
Output:
----------------------------------------------------------
Filters: "Closed switch touching ground promotes the other endpoint to ground"
Randomness seeded to: 732579501
===============================================================================
All tests passed (2 assertions in 1 test case)

<end of output>
Test time =   0.00 sec
----------------------------------------------------------
Test Passed.
"Closed switch touching ground promotes the other endpoint to ground" end time: Aug 24 00:29 -03
"Closed switch touching ground promotes the other endpoint to ground" time elapsed: 00:00:00
----------------------------------------------------------

214/634 Testing: MosfetLevel1 — cutoff: I_D ≈ 0 when V_GS << V_T
214/634 Test: MosfetLevel1 — cutoff: I_D ≈ 0 when V_GS << V_T
Command: "/Users/lgili/pulsim_phase2/build-tests/core/pulsim_core_layer2_tests" "MosfetLevel1 — cutoff: I_D ≈ 0 when V_GS << V_T"
Directory: /Users/lgili/pulsim_phase2/build-tests/core
"MosfetLevel1 — cutoff: I_D ≈ 0 when V_GS << V_T" start time: Aug 24 00:29 -03
Output:
----------------------------------------------------------
Filters: "MosfetLevel1 — cutoff: I_D ≈ 0 when V_GS << V_T"
Randomness seeded to: 2395656153
===============================================================================
All tests passed (2 assertions in 1 test case)

<end of output>
Test time =   0.00 sec
----------------------------------------------------------
Test Passed.
"MosfetLevel1 — cutoff: I_D ≈ 0 when V_GS << V_T" end time: Aug 24 00:29 -03
"MosfetLevel1 — cutoff: I_D ≈ 0 when V_GS << V_T" time elapsed: 00:00:00
----------------------------------------------------------

225/634 Testing: IgbtLevel1 — on-state linear conduction matches analytical
225/634 Test: IgbtLevel1 — on-state linear conduction matches analytical
Command: "/Users/lgili/pulsim_phase2/build-tests/core/pulsim_core_layer2_tests" "IgbtLevel1 — on-state linear conduction matches analytical"
Directory: /Users/lgili/pulsim_phase2/build-tests/core
"IgbtLevel1 — on-state linear conduction matches analytical" start time: Aug 24 00:29 -03
Output:
----------------------------------------------------------
Filters: "IgbtLevel1 — on-state linear conduction matches analytical"
Randomness seeded to: 4120471236
===============================================================================
All tests passed (2 assertions in 1 test case)

<end of output>
Test time =   0.00 sec
----------------------------------------------------------
Test Passed.
"IgbtLevel1 — on-state linear conduction matches analytical" end time: Aug 24 00:29 -03
"IgbtLevel1 — on-state linear conduction matches analytical" time elapsed: 00:00:00
----------------------------------------------------------

336/634 Testing: Row→device mapping survives many sources and inductors
336/634 Test: Row→device mapping survives many sources and inductors
Command: "/Users/lgili/pulsim_phase2/build-tests/core/pulsim_core_layer4_tests" "Row→device mapping survives many sources and inductors"
Directory: /Users/lgili/pulsim_phase2/build-tests/core
"Row→device mapping survives many sources and inductors" start time: Aug 24 00:29 -03
Output:
----------------------------------------------------------
Filters: "Row→device mapping survives many sources and inductors"
Randomness seeded to: 3207332247
===============================================================================
All tests passed (19 assertions in 1 test case)

<end of output>
Test time =   0.00 sec
----------------------------------------------------------
Test Passed.
"Row→device mapping survives many sources and inductors" end time: Aug 24 00:29 -03
"Row→device mapping survives many sources and inductors" time elapsed: 00:00:00
----------------------------------------------------------

426/634 Testing: Capacitor: static current contract returns 0
426/634 Test: Capacitor: static current contract returns 0
Command: "/Users/lgili/pulsim_phase2/build-tests/core/pulsim_core_layer4_v1_tests" "Capacitor: static current contract returns 0"
Directory: /Users/lgili/pulsim_phase2/build-tests/core
"Capacitor: static current contract returns 0" start time: Aug 24 00:29 -03
Output:
----------------------------------------------------------
Filters: "Capacitor: static current contract returns 0"
Randomness seeded to: 409977183
===============================================================================
All tests passed (1 assertion in 1 test case)

<end of output>
Test time =   0.00 sec
----------------------------------------------------------
Test Passed.
"Capacitor: static current contract returns 0" end time: Aug 24 00:29 -03
"Capacitor: static current contract returns 0" time elapsed: 00:00:00
----------------------------------------------------------

229/634 Testing: IgbtLevel1 — Newton solves chopper-style DC operating point
229/634 Test: IgbtLevel1 — Newton solves chopper-style DC operating point
Command: "/Users/lgili/pulsim_phase2/build-tests/core/pulsim_core_layer2_tests" "IgbtLevel1 — Newton solves chopper-style DC operating point"
Directory: /Users/lgili/pulsim_phase2/build-tests/core
"IgbtLevel1 — Newton solves chopper-style DC operating point" start time: Aug 24 00:29 -03
Output:
----------------------------------------------------------
Filters: "IgbtLevel1 — Newton solves chopper-style DC operating point"
Randomness seeded to: 3043115370
===============================================================================
All tests passed (3 assertions in 1 test case)

<end of output>
Test time =   0.00 sec
----------------------------------------------------------
Test Passed.
"IgbtLevel1 — Newton solves chopper-style DC operating point" end time: Aug 24 00:29 -03
"IgbtLevel1 — Newton solves chopper-style DC operating point" time elapsed: 00:00:00
----------------------------------------------------------

86/634 Testing: PulsimSparseLuSolver::partial_refactor before factorize returns false
86/634 Test: PulsimSparseLuSolver::partial_refactor before factorize returns false
Command: "/Users/lgili/pulsim_phase2/build-tests/core/pulsim_core_layer0_tests" "PulsimSparseLuSolver::partial_refactor before factorize returns false"
Directory: /Users/lgili/pulsim_phase2/build-tests/core
"PulsimSparseLuSolver::partial_refactor before factorize returns false" start time: Aug 24 00:29 -03
Output:
----------------------------------------------------------
Filters: "PulsimSparseLuSolver::partial_refactor before factorize returns false"
Randomness seeded to: 2151131927
===============================================================================
All tests passed (2 assertions in 1 test case)

<end of output>
Test time =   0.00 sec
----------------------------------------------------------
Test Passed.
"PulsimSparseLuSolver::partial_refactor before factorize returns false" end time: Aug 24 00:29 -03
"PulsimSparseLuSolver::partial_refactor before factorize returns false" time elapsed: 00:00:00
----------------------------------------------------------

415/634 Testing: run_transient: switch_fn drives the schedule
415/634 Test: run_transient: switch_fn drives the schedule
Command: "/Users/lgili/pulsim_phase2/build-tests/core/pulsim_core_layer5_tests" "run_transient: switch_fn drives the schedule"
Directory: /Users/lgili/pulsim_phase2/build-tests/core
"run_transient: switch_fn drives the schedule" start time: Aug 24 00:29 -03
Output:
----------------------------------------------------------
Filters: "run_transient: switch_fn drives the schedule"
Randomness seeded to: 770035983
===============================================================================
All tests passed (12 assertions in 1 test case)

<end of output>
Test time =   0.00 sec
----------------------------------------------------------
Test Passed.
"run_transient: switch_fn drives the schedule" end time: Aug 24 00:29 -03
"run_transient: switch_fn drives the schedule" time elapsed: 00:00:00
----------------------------------------------------------

323/634 Testing: Switch in OFF state stamps g_off
323/634 Test: Switch in OFF state stamps g_off
Command: "/Users/lgili/pulsim_phase2/build-tests/core/pulsim_core_layer4_tests" "Switch in OFF state stamps g_off"
Directory: /Users/lgili/pulsim_phase2/build-tests/core
"Switch in OFF state stamps g_off" start time: Aug 24 00:29 -03
Output:
----------------------------------------------------------
Filters: "Switch in OFF state stamps g_off"
Randomness seeded to: 3440522259
===============================================================================
All tests passed (1 assertion in 1 test case)

<end of output>
Test time =   0.00 sec
----------------------------------------------------------
Test Passed.
"Switch in OFF state stamps g_off" end time: Aug 24 00:29 -03
"Switch in OFF state stamps g_off" time elapsed: 00:00:00
----------------------------------------------------------

427/634 Testing: Inductor: g_eq_inv for 1 mH at 1 µs dt equals 5e-4
427/634 Test: Inductor: g_eq_inv for 1 mH at 1 µs dt equals 5e-4
Command: "/Users/lgili/pulsim_phase2/build-tests/core/pulsim_core_layer4_v1_tests" "Inductor: g_eq_inv for 1 mH at 1 µs dt equals 5e-4"
Directory: /Users/lgili/pulsim_phase2/build-tests/core
"Inductor: g_eq_inv for 1 mH at 1 µs dt equals 5e-4" start time: Aug 24 00:29 -03
Output:
----------------------------------------------------------
Filters: "Inductor: g_eq_inv for 1 mH at 1 µs dt equals 5e-4"
Randomness seeded to: 114358418
===============================================================================
All tests passed (1 assertion in 1 test case)

<end of output>
Test time =   0.00 sec
----------------------------------------------------------
Test Passed.
"Inductor: g_eq_inv for 1 mH at 1 µs dt equals 5e-4" end time: Aug 24 00:29 -03
"Inductor: g_eq_inv for 1 mH at 1 µs dt equals 5e-4" time elapsed: 00:00:00
----------------------------------------------------------

510/634 Testing: DiodeEventState: no diodes → empty tracker
510/634 Test: DiodeEventState: no diodes → empty tracker
Command: "/Users/lgili/pulsim_phase2/build-tests/core/pulsim_core_layer5_v2_tests" "DiodeEventState: no diodes → empty tracker"
Directory: /Users/lgili/pulsim_phase2/build-tests/core
"DiodeEventState: no diodes → empty tracker" start time: Aug 24 00:29 -03
Output:
----------------------------------------------------------
Filters: "DiodeEventState: no diodes → empty tracker"
Randomness seeded to: 1978911802
===============================================================================
All tests passed (3 assertions in 1 test case)

<end of output>
Test time =   0.00 sec
----------------------------------------------------------
Test Passed.
"DiodeEventState: no diodes → empty tracker" end time: Aug 24 00:29 -03
"DiodeEventState: no diodes → empty tracker" time elapsed: 00:00:00
----------------------------------------------------------

412/634 Testing: run_transient: empty switch_fn throws
412/634 Test: run_transient: empty switch_fn throws
Command: "/Users/lgili/pulsim_phase2/build-tests/core/pulsim_core_layer5_tests" "run_transient: empty switch_fn throws"
Directory: /Users/lgili/pulsim_phase2/build-tests/core
"run_transient: empty switch_fn throws" start time: Aug 24 00:29 -03
Output:
----------------------------------------------------------
Filters: "run_transient: empty switch_fn throws"
Randomness seeded to: 4030263615
===============================================================================
All tests passed (2 assertions in 1 test case)

<end of output>
Test time =   0.00 sec
----------------------------------------------------------
Test Passed.
"run_transient: empty switch_fn throws" end time: Aug 24 00:29 -03
"run_transient: empty switch_fn throws" time elapsed: 00:00:00
----------------------------------------------------------

284/634 Testing: make_phase_shift_full_bridge_fn — only the 4 bridge bits toggle
284/634 Test: make_phase_shift_full_bridge_fn — only the 4 bridge bits toggle
Command: "/Users/lgili/pulsim_phase2/build-tests/core/pulsim_core_sources_tests" "make_phase_shift_full_bridge_fn — only the 4 bridge bits toggle"
Directory: /Users/lgili/pulsim_phase2/build-tests/core
"make_phase_shift_full_bridge_fn — only the 4 bridge bits toggle" start time: Aug 24 00:29 -03
Output:
----------------------------------------------------------
Filters: "make_phase_shift_full_bridge_fn — only the 4 bridge bits toggle"
Randomness seeded to: 2959436471
===============================================================================
All tests passed (600 assertions in 1 test case)

<end of output>
Test time =   0.00 sec
----------------------------------------------------------
Test Passed.
"make_phase_shift_full_bridge_fn — only the 4 bridge bits toggle" end time: Aug 24 00:29 -03
"make_phase_shift_full_bridge_fn — only the 4 bridge bits toggle" time elapsed: 00:00:00
----------------------------------------------------------

273/634 Testing: make_three_phase_spwm_fn — M=0 → all 3 legs at constant 50%% duty
273/634 Test: make_three_phase_spwm_fn — M=0 → all 3 legs at constant 50%% duty
Command: "/Users/lgili/pulsim_phase2/build-tests/core/pulsim_core_sources_tests" "make_three_phase_spwm_fn — M=0 → all 3 legs at constant 50%% duty"
Directory: /Users/lgili/pulsim_phase2/build-tests/core
"make_three_phase_spwm_fn — M=0 → all 3 legs at constant 50%% duty" start time: Aug 24 00:29 -03
Output:
----------------------------------------------------------
Filters: "make_three_phase_spwm_fn — M=0 → all 3 legs at constant 50%% duty"
Randomness seeded to: 3763347291
===============================================================================
All tests passed (1200 assertions in 1 test case)

<end of output>
Test time =   0.00 sec
----------------------------------------------------------
Test Passed.
"make_three_phase_spwm_fn — M=0 → all 3 legs at constant 50%% duty" end time: Aug 24 00:29 -03
"make_three_phase_spwm_fn — M=0 → all 3 legs at constant 50%% duty" time elapsed: 00:00:00
----------------------------------------------------------

287/634 Testing: make_combined_switch_fn — empty list → all OFF
287/634 Test: make_combined_switch_fn — empty list → all OFF
Command: "/Users/lgili/pulsim_phase2/build-tests/core/pulsim_core_sources_tests" "make_combined_switch_fn — empty list → all OFF"
Directory: /Users/lgili/pulsim_phase2/build-tests/core
"make_combined_switch_fn — empty list → all OFF" start time: Aug 24 00:29 -03
Output:
----------------------------------------------------------
Filters: "make_combined_switch_fn — empty list → all OFF"
Randomness seeded to: 347666607
===============================================================================
All tests passed (6 assertions in 1 test case)

<end of output>
Test time =   0.00 sec
----------------------------------------------------------
Test Passed.
"make_combined_switch_fn — empty list → all OFF" end time: Aug 24 00:29 -03
"make_combined_switch_fn — empty list → all OFF" time elapsed: 00:00:00
----------------------------------------------------------

143/634 Testing: Strong IDs support ground sentinel
143/634 Test: Strong IDs support ground sentinel
Command: "/Users/lgili/pulsim_phase2/build-tests/core/pulsim_core_layer1_tests" "Strong IDs support ground sentinel"
Directory: /Users/lgili/pulsim_phase2/build-tests/core
"Strong IDs support ground sentinel" start time: Aug 24 00:29 -03
Output:
----------------------------------------------------------
Filters: "Strong IDs support ground sentinel"
Randomness seeded to: 2353711505
===============================================================================
All tests passed (2 assertions in 1 test case)

<end of output>
Test time =   0.00 sec
----------------------------------------------------------
Test Passed.
"Strong IDs support ground sentinel" end time: Aug 24 00:29 -03
"Strong IDs support ground sentinel" time elapsed: 00:00:00
----------------------------------------------------------

587/634 Testing: Showcase: boost converter with saturable inductor
587/634 Test: Showcase: boost converter with saturable inductor
Command: "/Users/lgili/pulsim_phase2/build-tests/core/pulsim_core_showcase_tests" "Showcase: boost converter with saturable inductor"
Directory: /Users/lgili/pulsim_phase2/build-tests/core
"Showcase: boost converter with saturable inductor" start time: Aug 24 00:29 -03
Output:
----------------------------------------------------------
Filters: "Showcase: boost converter with saturable inductor"
Randomness seeded to: 158803771
===============================================================================
All tests passed (7 assertions in 1 test case)

<end of output>
Test time =   0.67 sec
----------------------------------------------------------
Test Passed.
"Showcase: boost converter with saturable inductor" end time: Aug 24 00:29 -03
"Showcase: boost converter with saturable inductor" time elapsed: 00:00:00
----------------------------------------------------------

End testing: Aug 24 00:29 -03
